16:42:32.732 [main                     ] DEBUG Logger               - Configured Logger
16:42:32.775 [main                     ] DEBUG GameApplication      - Logging settings
Title: Bomman
Version: 0.1
Width: 1018
Height: 522
Fullscreen: false
Intro: false
Profiling: false
Single step:false
App Mode: DEVELOPER
Menu Key: ESCAPE
Stage Style: DECORATED
Scene Factory: class com.almasb.fxgl.app.scene.SceneFactory

16:42:33.518 [JavaFX Application Thread] DEBUG FXGLApplication      - Initializing FXGL
16:42:33.528 [JavaFX Application Thread] INFO  Engine               - FXGL-17.2 (20.08.2022 16.50) on WINDOWS (J:18.0.2.1 FX:19)
16:42:33.528 [JavaFX Application Thread] DEBUG Engine               - JRE Vendor Name: Oracle Corporation
16:42:33.529 [JavaFX Application Thread] DEBUG Engine               - Running on OS: Windows 10 version 10.0
16:42:33.529 [JavaFX Application Thread] DEBUG Engine               - Architecture: amd64
16:42:33.529 [JavaFX Application Thread] INFO  Engine               - Source code and latest versions at: https://github.com/AlmasB/FXGL
16:42:33.529 [JavaFX Application Thread] INFO  Engine               -       Ask questions and discuss at: https://github.com/AlmasB/FXGL/discussions
16:42:33.529 [JavaFX Application Thread] INFO  Engine               -              Join the FXGL chat at: https://gitter.im/AlmasB/FXGL
16:42:33.762 [JavaFX Application Thread] DEBUG PrimaryStageWindow   - Creating a JavaFX scene
16:42:33.854 [JavaFX Application Thread] DEBUG PrimaryStageWindow   - Target settings size: 1018.0 x 522.0
16:42:33.854 [JavaFX Application Thread] DEBUG PrimaryStageWindow   - Scaled scene size:    1018.0 x 522.0
16:42:33.855 [JavaFX Application Thread] DEBUG PrimaryStageWindow   - Scaled ratio: (1.0, 1.0)
16:42:33.857 [JavaFX Application Thread] DEBUG PrimaryStageWindow   - Set initial scene to FXGLStartupScene
16:42:33.863 [JavaFX Application Thread] DEBUG PrimaryStageWindow   - Opening main window
16:42:33.993 [JavaFX Application Thread] DEBUG PrimaryStageWindow   - Window border size: (16.0, 39.0)
16:42:33.994 [JavaFX Application Thread] DEBUG PrimaryStageWindow   - Scaled size: 1018.0 x 522.0
16:42:33.994 [JavaFX Application Thread] DEBUG PrimaryStageWindow   - Scaled ratio: (1.0, 1.0)
16:42:33.994 [JavaFX Application Thread] DEBUG PrimaryStageWindow   - Scene size: 1018.0 x 522.0
16:42:33.995 [JavaFX Application Thread] DEBUG PrimaryStageWindow   - Stage size: 1034.0 x 561.0
16:42:34.011 [FXGL Background Thread 1 ] DEBUG Engine               - Initializing environment variables
16:42:34.103 [FXGL Background Thread 1 ] DEBUG FXGLAssetLoaderServi - User app class for loading assets: class com.ethnicthv.bigproject.client.pri.BommerApplication
16:42:34.104 [FXGL Background Thread 1 ] DEBUG GameApplicationServi - Applying CSS: fxgl_dark.css
16:42:34.106 [FXGL Background Thread 1 ] DEBUG FXGLAssetLoaderServi - Loading from file system: jar:file:/C:/Users/admin/.m2/repository/com/github/almasb/fxgl/17.2/fxgl-17.2.jar!/fxglassets/ui/css/fxgl_dark.css
16:42:34.201 [FXGL Background Thread 1 ] DEBUG GameApplicationServi - Initializing application scenes
16:42:34.310 [FXGL Background Thread 1 ] DEBUG GameWorld            - Game world initialized
16:42:34.424 [FXGL Background Thread 1 ] DEBUG PhysicsWorld         - Physics world initialized: appHeight=522, physics.ppm=50.0
16:42:34.424 [FXGL Background Thread 1 ] DEBUG PhysicsWorld         - Using strategy: BRUTE_FORCE
16:42:34.431 [FXGL Background Thread 1 ] DEBUG GameScene            - Game scene initialized: 1018x522
16:42:34.455 [FXGL Background Thread 1 ] WARN  FXGL.DefaultMenu     - FXGLDefaultMenu is not designed for resolutions < 800x600
16:42:34.456 [FXGL Background Thread 1 ] DEBUG FXGL.DefaultMenu     - createMenuBodyGameMenu()
16:42:34.491 [FXGL Background Thread 1 ] DEBUG FXGL.DefaultMenu     - createOptionsMenu()
16:42:34.510 [FXGL Background Thread 1 ] DEBUG FXGLAssetLoaderServi - Loading from file system: jar:file:/C:/Users/admin/.m2/repository/com/github/almasb/fxgl/17.2/fxgl-17.2.jar!/fxglassets/textures/particles/smoke.png
16:42:34.668 [FXGL Background Thread 1 ] DEBUG FXGLAssetLoaderServi - Loading from file system: jar:file:/C:/Users/admin/.m2/repository/com/github/almasb/fxgl/17.2/fxgl-17.2.jar!/fxglassets/textures/particles/trace_horizontal.png
16:42:34.714 [FXGL Background Thread 1 ] DEBUG GameApplicationServi - Application scenes initialized
16:42:34.763 [FXGL Background Thread 1 ] DEBUG SystemBundleService  - Loading FXGL system data
16:42:34.770 [FXGL Background Thread 1 ] DEBUG FileSystemAccess     - Reading from: D:\JavaProject\BigProject\system\fxgl.bundle
16:42:34.785 [FXGL Background Thread 1 ] DEBUG SystemBundleService  - Bundle FXGL: {}
16:42:34.785 [FXGL Background Thread 1 ] DEBUG UpdaterService       - Checking for updates
16:42:34.839 [FXGL Background Thread 1 ] DEBUG FXGLApplication      - Loading default localization
16:42:34.850 [FXGL Background Thread 1 ] DEBUG FXGLAssetLoaderServi - Loading from file system: jar:file:/C:/Users/admin/.m2/repository/com/github/almasb/fxgl/17.2/fxgl-17.2.jar!/fxglassets/languages/english.lang
16:42:34.886 [FXGL Background Thread 1 ] INFO  FXGLApplication      - FXGL initialization took: 0.875 sec
16:42:34.888 [JavaFX Application Thread] DEBUG FXGLAssetLoaderServi - Loading from file system: jar:file:/C:/Users/admin/.m2/repository/com/github/almasb/fxgl/17.2/fxgl-17.2.jar!/fxglassets/textures/fxgl_icon.png
16:42:34.933 [FXGL Background Thread 4 ] DEBUG FXGLApplication      - Loading fonts
16:42:34.935 [FXGL Background Thread 4 ] DEBUG FXGLAssetLoaderServi - Loading from file system: jar:file:/C:/Users/admin/.m2/repository/com/github/almasb/fxgl/17.2/fxgl-17.2.jar!/fxglassets/ui/fonts/VarelaRound-Regular.ttf
16:42:34.937 [JavaFX Application Thread] DEBUG FXGLAssetLoaderServi - Loading from file system: jar:file:/C:/Users/admin/.m2/repository/com/github/almasb/fxgl/17.2/fxgl-17.2.jar!/fxglassets/textures/fxgl_default_cursor.png
16:42:34.951 [JavaFX Application Thread] DEBUG Input                - Registered new binding: Screenshot - CTRL+8
16:42:34.952 [JavaFX Application Thread] DEBUG Input                - Registered new binding: Dev Options - 1
16:42:34.953 [JavaFX Application Thread] DEBUG Input                - Registered new binding: Dev Console - 2
16:42:34.953 [JavaFX Application Thread] DEBUG Input                - Registered new binding: System info dump - CTRL+9
16:42:34.954 [JavaFX Application Thread] DEBUG Input                - Registered new binding: Restart - CTRL+R
16:42:34.965 [JavaFX Application Thread] DEBUG Input                - Registered new binding: Toggle Debug Camera - CTRL+7
16:42:34.969 [JavaFX Application Thread] DEBUG LoopRunner           - Starting loop
16:42:34.992 [JavaFX Application Thread] DEBUG LoopRunner           - Initializing ScheduledExecutorLoop with fps: 64
16:42:34.999 [JavaFX Application Thread] DEBUG GameApplicationServi - Starting new game
16:42:35.000 [JavaFX Application Thread] DEBUG Input                - Clearing active input actions
16:42:35.021 [JavaFX Application Thread] DEBUG GameApplicationServi - Removing overlay from FXGLStartupScene and adding to FXGLLoadingScene
16:42:35.027 [JavaFX Application Thread] DEBUG PrimaryStageWindow   - FXGLStartupScene -> FXGLLoadingScene
16:42:35.027 [JavaFX Application Thread] DEBUG GameApplicationServi - Clearing previous game
16:42:35.027 [JavaFX Application Thread] DEBUG GameScene            - Clearing game scene
16:42:35.027 [JavaFX Application Thread] DEBUG GameWorld            - Clearing game world
16:42:35.028 [JavaFX Application Thread] DEBUG PhysicsWorld         - Clearing physics world
16:42:35.030 [FXGL Background Thread 1 ] DEBUG FXGLApplication      - Initializing game
16:42:35.043 [FXGL Background Thread 1 ] DEBUG Input                - Registered new binding: MOVE - LMB
16:42:35.044 [FXGL Background Thread 1 ] DEBUG Input                - Registered new binding: SHIELD - K
16:42:35.044 [FXGL Background Thread 1 ] DEBUG Input                - Registered new binding: PLACE BOOM - Space
16:42:35.045 [FXGL Background Thread 1 ] DEBUG Input                - Registered new binding: Test - RMB
16:42:35.045 [FXGL Background Thread 1 ] DEBUG Input                - Registered new binding: Test2 - L
16:42:35.046 [FXGL Background Thread 1 ] DEBUG Input                - Registered new binding: Test3 - M
16:42:35.107 [FXGL Background Thread 1 ] DEBUG FXGLAssetLoaderServi - Loading from file system: file:/D:/JavaProject/BigProject/target/classes/assets/textures/entity/block.png
16:42:35.109 [FXGL Background Thread 1 ] DEBUG FXGLAssetLoaderServi - Loading from file system: file:/D:/JavaProject/BigProject/target/classes/assets/textures/entity/wall.png
16:42:35.111 [FXGL Background Thread 1 ] DEBUG FXGLAssetLoaderServi - Loading from file system: file:/D:/JavaProject/BigProject/target/classes/assets/textures/entity/grass.png
16:42:35.113 [FXGL Background Thread 1 ] DEBUG FXGLAssetLoaderServi - Loading from file system: file:/D:/JavaProject/BigProject/target/classes/assets/textures/ui/player.png
16:42:35.114 [FXGL Background Thread 1 ] DEBUG FXGLAssetLoaderServi - Loading from file system: file:/D:/JavaProject/BigProject/target/classes/assets/textures/ui/frame.png
16:42:35.186 [FXGL Background Thread 1 ] DEBUG FXGLAssetLoaderServi - Loading from file system: file:/D:/JavaProject/BigProject/target/classes/assets/textures/ui/barframe.png
16:42:35.188 [FXGL Background Thread 1 ] DEBUG FXGLAssetLoaderServi - Loading from file system: file:/D:/JavaProject/BigProject/target/classes/assets/textures/particle/ember.png
16:42:35.190 [FXGL Background Thread 1 ] DEBUG FXGLAssetLoaderServi - Loading from file system: file:/D:/JavaProject/BigProject/target/classes/assets/textures/particle/blast.png
16:42:35.257 [FXGL Background Thread 1 ] DEBUG FXGLAssetLoaderServi - Loading from file system: file:/D:/JavaProject/BigProject/target/classes/assets/textures/rocket.png
16:42:35.259 [FXGL Background Thread 1 ] DEBUG FXGLAssetLoaderServi - Loading from file system: file:/D:/JavaProject/BigProject/target/classes/assets/textures/feature/shield.png
16:42:35.261 [FXGL Background Thread 1 ] DEBUG FXGLAssetLoaderServi - Loading from file system: file:/D:/JavaProject/BigProject/target/classes/assets/textures/feature/shield_layer2.png
16:42:35.263 [FXGL Background Thread 1 ] DEBUG FXGLAssetLoaderServi - Loading from file system: file:/D:/JavaProject/BigProject/target/classes/assets/textures/ui/shieldicon.png
16:42:35.264 [FXGL Background Thread 1 ] DEBUG FXGLAssetLoaderServi - Loading from file system: file:/D:/JavaProject/BigProject/target/classes/assets/textures/ui/speedicon.png
16:42:35.266 [FXGL Background Thread 1 ] DEBUG FXGLAssetLoaderServi - Loading from file system: file:/D:/JavaProject/BigProject/target/classes/assets/textures/ui/blockicon.png
16:42:35.267 [FXGL Background Thread 1 ] DEBUG FXGLAssetLoaderServi - Loading from file system: file:/D:/JavaProject/BigProject/target/classes/assets/textures/ui/boomicon.png
16:42:35.829 [FXGL Background Thread 1 ] DEBUG GameWorld            - Clearing removable entities
16:42:35.833 [FXGL Background Thread 1 ] DEBUG GameWorld            - Setting level: com.almasb.fxgl.entity.level.Level@74c9a222
16:42:35.877 [FXGL Background Thread 1 ] DEBUG FXGLAssetLoaderServi - Loading from file system: file:/D:/JavaProject/BigProject/target/classes/assets/textures/entity/player_idle.png
16:42:35.880 [FXGL Background Thread 1 ] DEBUG FXGLAssetLoaderServi - Loading from file system: file:/D:/JavaProject/BigProject/target/classes/assets/textures/entity/player_walk.png
16:42:35.883 [FXGL Background Thread 1 ] DEBUG FXGLAssetLoaderServi - Loading from file system: file:/D:/JavaProject/BigProject/target/classes/assets/textures/entity/commonenemy.png
16:42:35.885 [FXGL Background Thread 1 ] DEBUG FXGLAssetLoaderServi - Loading from file system: file:/D:/JavaProject/BigProject/target/classes/assets/textures/entity/boom.png
16:42:36.153 [FXGL Background Thread 1 ] INFO  FXGLApplication      - Game initialization took: 1.124 sec
16:42:36.154 [JavaFX Application Thread] DEBUG Input                - Clearing active input actions
16:42:36.217 [JavaFX Application Thread] DEBUG GameApplicationServi - Removing overlay from FXGLLoadingScene and adding to GameScene
16:42:36.231 [JavaFX Application Thread] DEBUG PrimaryStageWindow   - FXGLLoadingScene -> GameScene
16:42:36.912 [FXGL Background Thread 4 ] DEBUG FXGLAssetLoaderServi - Loading from file system: jar:file:/C:/Users/admin/.m2/repository/com/github/almasb/fxgl/17.2/fxgl-17.2.jar!/fxglassets/ui/fonts/Abel-Regular.ttf
16:42:36.940 [FXGL Background Thread 4 ] DEBUG FXGLAssetLoaderServi - Loading from file system: jar:file:/C:/Users/admin/.m2/repository/com/github/almasb/fxgl/17.2/fxgl-17.2.jar!/fxglassets/ui/fonts/TerminalLandMono-Regular.otf
16:42:37.052 [FXGL Background Thread 4 ] DEBUG FXGLAssetLoaderServi - Loading from file system: jar:file:/C:/Users/admin/.m2/repository/com/github/almasb/fxgl/17.2/fxgl-17.2.jar!/fxglassets/ui/fonts/Courier-Prime.ttf
16:42:37.836 [FXGL Background Thread 3 ] DEBUG Engine               - Logging environment variables
16:42:37.837 [FXGL Background Thread 3 ] DEBUG Engine               - achievements: []
16:42:37.837 [FXGL Background Thread 3 ] DEBUG Engine               - actualHeight: 522.0
16:42:37.838 [FXGL Background Thread 3 ] DEBUG Engine               - actualHeightProperty: ReadOnlyDoubleProperty [value: 522.0]
16:42:37.839 [FXGL Background Thread 3 ] DEBUG Engine               - actualWidth: 1018.0
16:42:37.839 [FXGL Background Thread 3 ] DEBUG Engine               - actualWidthProperty: ReadOnlyDoubleProperty [value: 1018.0]
16:42:37.839 [FXGL Background Thread 3 ] DEBUG Engine               - appIcon: fxgl_icon.png
16:42:37.839 [FXGL Background Thread 3 ] DEBUG Engine               - applicationMode: DEVELOPER
16:42:37.839 [FXGL Background Thread 3 ] DEBUG Engine               - cSSList: [fxgl_dark.css]
16:42:37.839 [FXGL Background Thread 3 ] DEBUG Engine               - collisionDetectionStrategy: BRUTE_FORCE
16:42:37.839 [FXGL Background Thread 3 ] DEBUG Engine               - configClass: Optional.empty
16:42:37.840 [FXGL Background Thread 3 ] DEBUG Engine               - credits: []
16:42:37.840 [FXGL Background Thread 3 ] DEBUG Engine               - defaultCursor: CursorInfo(imageName=fxgl_default_cursor.png, hotspotX=7.0, hotspotY=6.0)
16:42:37.840 [FXGL Background Thread 3 ] DEBUG Engine               - devBBoxColorProperty: ObjectProperty [value: 0xff0000ff]
16:42:37.841 [FXGL Background Thread 3 ] DEBUG Engine               - devEnableDebugCameraProperty: BooleanProperty [value: false]
16:42:37.841 [FXGL Background Thread 3 ] DEBUG Engine               - devSensorColorProperty: ObjectProperty [value: 0xffff00ff]
16:42:37.841 [FXGL Background Thread 3 ] DEBUG Engine               - devShowBBoxProperty: BooleanProperty [value: false]
16:42:37.841 [FXGL Background Thread 3 ] DEBUG Engine               - devShowPositionProperty: BooleanProperty [value: false]
16:42:37.841 [FXGL Background Thread 3 ] DEBUG Engine               - enabledMenuItems: []
16:42:37.841 [FXGL Background Thread 3 ] DEBUG Engine               - engineServices: [class com.almasb.fxgl.app.services.FXGLAssetLoaderService, class com.almasb.fxgl.app.FXGLApplication$GameApplicationService, class com.almasb.fxgl.app.services.FXGLDialogService, class com.almasb.fxgl.app.services.IOTaskExecutorService, class com.almasb.fxgl.io.FileSystemService, class com.almasb.fxgl.localization.LocalizationService, class com.almasb.fxgl.app.services.SystemBundleService, class com.almasb.fxgl.profile.SaveLoadService, class com.almasb.fxgl.ui.FXGLUIFactoryServiceProvider, class com.almasb.fxgl.ui.FXGLDialogFactoryServiceProvider, class com.almasb.fxgl.audio.AudioPlayer, class com.almasb.fxgl.notification.impl.NotificationServiceProvider, class com.almasb.fxgl.achievement.AchievementService, class com.almasb.fxgl.cutscene.CutsceneService, class com.almasb.fxgl.minigames.MiniGameService, class com.almasb.fxgl.net.NetService, class com.almasb.fxgl.app.services.UpdaterService, class com.almasb.fxgl.dev.DevService]
16:42:37.841 [FXGL Background Thread 3 ] DEBUG Engine               - fontGame: Abel-Regular.ttf
16:42:37.841 [FXGL Background Thread 3 ] DEBUG Engine               - fontMono: TerminalLandMono-Regular.otf
16:42:37.841 [FXGL Background Thread 3 ] DEBUG Engine               - fontText: Courier-Prime.ttf
16:42:37.841 [FXGL Background Thread 3 ] DEBUG Engine               - fontUI: VarelaRound-Regular.ttf
16:42:37.841 [FXGL Background Thread 3 ] DEBUG Engine               - fullScreen: BooleanProperty [value: false]
16:42:37.841 [FXGL Background Thread 3 ] DEBUG Engine               - gameDifficulty: MEDIUM
16:42:37.842 [FXGL Background Thread 3 ] DEBUG Engine               - gameDifficultyProperty: ObjectProperty [value: MEDIUM]
16:42:37.842 [FXGL Background Thread 3 ] DEBUG Engine               - globalMusicVolume: 0.5
16:42:37.842 [FXGL Background Thread 3 ] DEBUG Engine               - globalMusicVolumeProperty: DoubleProperty [value: 0.5]
16:42:37.842 [FXGL Background Thread 3 ] DEBUG Engine               - globalSoundVolume: 0.5
16:42:37.842 [FXGL Background Thread 3 ] DEBUG Engine               - globalSoundVolumeProperty: DoubleProperty [value: 0.5]
16:42:37.842 [FXGL Background Thread 3 ] DEBUG Engine               - height: 522
16:42:37.842 [FXGL Background Thread 3 ] DEBUG Engine               - is3D: false
16:42:37.842 [FXGL Background Thread 3 ] DEBUG Engine               - isAndroid: false
16:42:37.842 [FXGL Background Thread 3 ] DEBUG Engine               - isBrowser: false
16:42:37.842 [FXGL Background Thread 3 ] DEBUG Engine               - isClickFeedbackEnabled: false
16:42:37.842 [FXGL Background Thread 3 ] DEBUG Engine               - isCloseConfirmation: false
16:42:37.842 [FXGL Background Thread 3 ] DEBUG Engine               - isDesktop: true
16:42:37.843 [FXGL Background Thread 3 ] DEBUG Engine               - isDeveloperMenuEnabled: true
16:42:37.843 [FXGL Background Thread 3 ] DEBUG Engine               - isEmbedded: false
16:42:37.843 [FXGL Background Thread 3 ] DEBUG Engine               - isEntityPreloadEnabled: true
16:42:37.843 [FXGL Background Thread 3 ] DEBUG Engine               - isExperimentalTiledLargeMap: false
16:42:37.843 [FXGL Background Thread 3 ] DEBUG Engine               - isFileSystemWriteAllowed: true
16:42:37.843 [FXGL Background Thread 3 ] DEBUG Engine               - isFullScreenAllowed: false
16:42:37.843 [FXGL Background Thread 3 ] DEBUG Engine               - isFullScreenFromStart: false
16:42:37.843 [FXGL Background Thread 3 ] DEBUG Engine               - isGameMenuEnabled: true
16:42:37.844 [FXGL Background Thread 3 ] DEBUG Engine               - isIOS: false
16:42:37.844 [FXGL Background Thread 3 ] DEBUG Engine               - isIntroEnabled: false
16:42:37.844 [FXGL Background Thread 3 ] DEBUG Engine               - isLinux: false
16:42:37.845 [FXGL Background Thread 3 ] DEBUG Engine               - isMac: false
16:42:37.845 [FXGL Background Thread 3 ] DEBUG Engine               - isMainMenuEnabled: false
16:42:37.845 [FXGL Background Thread 3 ] DEBUG Engine               - isManualResizeEnabled: false
16:42:37.845 [FXGL Background Thread 3 ] DEBUG Engine               - isMobile: false
16:42:37.845 [FXGL Background Thread 3 ] DEBUG Engine               - isNative: false
16:42:37.845 [FXGL Background Thread 3 ] DEBUG Engine               - isPauseMusicWhenMinimized: true
16:42:37.845 [FXGL Background Thread 3 ] DEBUG Engine               - isPreserveResizeRatio: false
16:42:37.845 [FXGL Background Thread 3 ] DEBUG Engine               - isProfilingEnabled: false
16:42:37.845 [FXGL Background Thread 3 ] DEBUG Engine               - isScaleAffectedOnResize: true
16:42:37.845 [FXGL Background Thread 3 ] DEBUG Engine               - isSingleStep: false
16:42:37.845 [FXGL Background Thread 3 ] DEBUG Engine               - isUserProfileEnabled: false
16:42:37.845 [FXGL Background Thread 3 ] DEBUG Engine               - isWindows: true
16:42:37.845 [FXGL Background Thread 3 ] DEBUG Engine               - language: ObjectProperty [value: ENGLISH]
16:42:37.845 [FXGL Background Thread 3 ] DEBUG Engine               - menuKey: ESCAPE
16:42:37.845 [FXGL Background Thread 3 ] DEBUG Engine               - mouseSensitivity: 0.2
16:42:37.845 [FXGL Background Thread 3 ] DEBUG Engine               - notificationViewClass: class com.almasb.fxgl.notification.view.XboxNotificationView
16:42:37.846 [FXGL Background Thread 3 ] DEBUG Engine               - pixelsPerMeter: 50.0
16:42:37.846 [FXGL Background Thread 3 ] DEBUG Engine               - platform: WINDOWS
16:42:37.846 [FXGL Background Thread 3 ] DEBUG Engine               - prefHeightProperty: ReadOnlyDoubleProperty [value: 522.0]
16:42:37.846 [FXGL Background Thread 3 ] DEBUG Engine               - prefWidthProperty: ReadOnlyDoubleProperty [value: 1018.0]
16:42:37.846 [FXGL Background Thread 3 ] DEBUG Engine               - profileDir: profiles/
16:42:37.846 [FXGL Background Thread 3 ] DEBUG Engine               - profileName: StringProperty [value: DEFAULT]
16:42:37.846 [FXGL Background Thread 3 ] DEBUG Engine               - randomSeed: -1
16:42:37.846 [FXGL Background Thread 3 ] DEBUG Engine               - runtimeInfo: RuntimeInfo(platform=WINDOWS, version=17.2, build=20.08.2022 16.50)
16:42:37.847 [FXGL Background Thread 3 ] DEBUG Engine               - saveFileExt: sav
16:42:37.847 [FXGL Background Thread 3 ] DEBUG Engine               - scaledHeightProp$fxgl: DoubleProperty [bound, value: 522.0]
16:42:37.847 [FXGL Background Thread 3 ] DEBUG Engine               - scaledWidthProp$fxgl: DoubleProperty [bound, value: 1018.0]
16:42:37.847 [FXGL Background Thread 3 ] DEBUG Engine               - sceneFactory: com.almasb.fxgl.app.scene.SceneFactory@221febdd
16:42:37.847 [FXGL Background Thread 3 ] DEBUG Engine               - secondsIn24h: 60
16:42:37.847 [FXGL Background Thread 3 ] DEBUG Engine               - soundMenuBack: menu/back.wav
16:42:37.847 [FXGL Background Thread 3 ] DEBUG Engine               - soundMenuPress: menu/press.wav
16:42:37.847 [FXGL Background Thread 3 ] DEBUG Engine               - soundMenuSelect: menu/select.wav
16:42:37.847 [FXGL Background Thread 3 ] DEBUG Engine               - soundNotification: core/notification.wav
16:42:37.847 [FXGL Background Thread 3 ] DEBUG Engine               - stageStyle: DECORATED
16:42:37.847 [FXGL Background Thread 3 ] DEBUG Engine               - supportedLanguages: [ENGLISH, FRENCH, GERMAN, HUNGARIAN, RUSSIAN]
16:42:37.847 [FXGL Background Thread 3 ] DEBUG Engine               - ticksPerSecond: 64
16:42:37.847 [FXGL Background Thread 3 ] DEBUG Engine               - title: Bomman
16:42:37.848 [FXGL Background Thread 3 ] DEBUG Engine               - urlGithub: https://github.com/AlmasB/FXGL
16:42:37.848 [FXGL Background Thread 3 ] DEBUG Engine               - urlLeaderboard: http://fxgl-top.herokuapp.com/
16:42:37.848 [FXGL Background Thread 3 ] DEBUG Engine               - urlPOM: https://raw.githubusercontent.com/AlmasB/FXGL/release/README.md
16:42:37.848 [FXGL Background Thread 3 ] DEBUG Engine               - userAppClass: class com.ethnicthv.bigproject.client.pri.BommerApplication
16:42:37.848 [FXGL Background Thread 3 ] DEBUG Engine               - version: 0.1
16:42:37.848 [FXGL Background Thread 3 ] DEBUG Engine               - versionCheckDays: 7
16:42:37.848 [FXGL Background Thread 3 ] DEBUG Engine               - width: 1018
16:42:37.848 [FXGL Background Thread 3 ] DEBUG Engine               - Logging services
16:42:37.848 [FXGL Background Thread 3 ] DEBUG Engine               - class com.almasb.fxgl.app.services.FXGLAssetLoaderService
16:42:37.848 [FXGL Background Thread 3 ] DEBUG Engine               - class com.almasb.fxgl.app.FXGLApplication$GameApplicationService
16:42:37.848 [FXGL Background Thread 3 ] DEBUG Engine               - class com.almasb.fxgl.app.services.FXGLDialogService
16:42:37.848 [FXGL Background Thread 3 ] DEBUG Engine               - class com.almasb.fxgl.app.services.IOTaskExecutorService
16:42:37.848 [FXGL Background Thread 3 ] DEBUG Engine               - class com.almasb.fxgl.io.FileSystemService
16:42:37.848 [FXGL Background Thread 3 ] DEBUG Engine               - class com.almasb.fxgl.localization.LocalizationService
16:42:37.849 [FXGL Background Thread 3 ] DEBUG Engine               - class com.almasb.fxgl.app.services.SystemBundleService
16:42:37.849 [FXGL Background Thread 3 ] DEBUG Engine               - class com.almasb.fxgl.profile.SaveLoadService
16:42:37.849 [FXGL Background Thread 3 ] DEBUG Engine               - class com.almasb.fxgl.ui.FXGLUIFactoryServiceProvider
16:42:37.849 [FXGL Background Thread 3 ] DEBUG Engine               - class com.almasb.fxgl.ui.FXGLDialogFactoryServiceProvider
16:42:37.849 [FXGL Background Thread 3 ] DEBUG Engine               - class com.almasb.fxgl.audio.AudioPlayer
16:42:37.849 [FXGL Background Thread 3 ] DEBUG Engine               - class com.almasb.fxgl.notification.impl.NotificationServiceProvider
16:42:37.849 [FXGL Background Thread 3 ] DEBUG Engine               - class com.almasb.fxgl.achievement.AchievementService
16:42:37.849 [FXGL Background Thread 3 ] DEBUG Engine               - class com.almasb.fxgl.cutscene.CutsceneService
16:42:37.849 [FXGL Background Thread 3 ] DEBUG Engine               - class com.almasb.fxgl.minigames.MiniGameService
16:42:37.850 [FXGL Background Thread 3 ] DEBUG Engine               - class com.almasb.fxgl.net.NetService
16:42:37.850 [FXGL Background Thread 3 ] DEBUG Engine               - class com.almasb.fxgl.app.services.UpdaterService
16:42:37.850 [FXGL Background Thread 3 ] DEBUG Engine               - class com.almasb.fxgl.dev.DevService
16:42:38.046 [JavaFX Application Thread] DEBUG FXGLApplication      - Registering font factories with UI factory
16:42:54.034 [JavaFX Application Thread] DEBUG FXGLApplication      - Exiting FXGL
16:42:54.034 [JavaFX Application Thread] DEBUG LoopRunner           - Stopping loop
16:42:54.034 [JavaFX Application Thread] DEBUG SystemBundleService  - Saving FXGL system data
16:42:54.036 [JavaFX Application Thread] DEBUG FileSystemAccess     - Writing to: D:\JavaProject\BigProject\system\fxgl.bundle
16:42:54.038 [JavaFX Application Thread] DEBUG Async                - Shutting down background threads
16:42:54.039 [JavaFX Application Thread] DEBUG PrimaryStageWindow   - Closing main window
16:42:54.062 [JavaFX Application Thread] DEBUG Logger               - Closing Logger
