17:18:51.331 [main                     ] DEBUG Logger               - Configured Logger
17:18:51.375 [main                     ] DEBUG GameApplication      - Logging settings
Title: Bomman
Version: 0.1
Width: 1018
Height: 522
Fullscreen: false
Intro: false
Profiling: false
Single step:false
App Mode: DEVELOPER
Menu Key: ESCAPE
Stage Style: DECORATED
Scene Factory: class com.almasb.fxgl.app.scene.SceneFactory

17:18:52.180 [JavaFX Application Thread] DEBUG FXGLApplication      - Initializing FXGL
17:18:52.190 [JavaFX Application Thread] INFO  Engine               - FXGL-17.2 (20.08.2022 16.50) on WINDOWS (J:18.0.2.1 FX:19)
17:18:52.190 [JavaFX Application Thread] DEBUG Engine               - JRE Vendor Name: Oracle Corporation
17:18:52.191 [JavaFX Application Thread] DEBUG Engine               - Running on OS: Windows 10 version 10.0
17:18:52.192 [JavaFX Application Thread] DEBUG Engine               - Architecture: amd64
17:18:52.192 [JavaFX Application Thread] INFO  Engine               - Source code and latest versions at: https://github.com/AlmasB/FXGL
17:18:52.192 [JavaFX Application Thread] INFO  Engine               -       Ask questions and discuss at: https://github.com/AlmasB/FXGL/discussions
17:18:52.193 [JavaFX Application Thread] INFO  Engine               -              Join the FXGL chat at: https://gitter.im/AlmasB/FXGL
17:18:52.416 [JavaFX Application Thread] DEBUG PrimaryStageWindow   - Creating a JavaFX scene
17:18:52.513 [JavaFX Application Thread] DEBUG PrimaryStageWindow   - Target settings size: 1018.0 x 522.0
17:18:52.513 [JavaFX Application Thread] DEBUG PrimaryStageWindow   - Scaled scene size:    1018.0 x 522.0
17:18:52.513 [JavaFX Application Thread] DEBUG PrimaryStageWindow   - Scaled ratio: (1.0, 1.0)
17:18:52.515 [JavaFX Application Thread] DEBUG PrimaryStageWindow   - Set initial scene to FXGLStartupScene
17:18:52.523 [JavaFX Application Thread] DEBUG PrimaryStageWindow   - Opening main window
17:18:52.651 [JavaFX Application Thread] DEBUG PrimaryStageWindow   - Window border size: (16.0, 39.0)
17:18:52.652 [JavaFX Application Thread] DEBUG PrimaryStageWindow   - Scaled size: 1018.0 x 522.0
17:18:52.652 [JavaFX Application Thread] DEBUG PrimaryStageWindow   - Scaled ratio: (1.0, 1.0)
17:18:52.652 [JavaFX Application Thread] DEBUG PrimaryStageWindow   - Scene size: 1018.0 x 522.0
17:18:52.653 [JavaFX Application Thread] DEBUG PrimaryStageWindow   - Stage size: 1034.0 x 561.0
17:18:52.664 [FXGL Background Thread 1 ] DEBUG Engine               - Initializing environment variables
17:18:52.751 [FXGL Background Thread 1 ] DEBUG FXGLAssetLoaderServi - User app class for loading assets: class com.ethnicthv.bigproject.client.pri.BommerApplication
17:18:52.752 [FXGL Background Thread 1 ] DEBUG GameApplicationServi - Applying CSS: fxgl_dark.css
17:18:52.754 [FXGL Background Thread 1 ] DEBUG FXGLAssetLoaderServi - Loading from file system: jar:file:/C:/Users/admin/.m2/repository/com/github/almasb/fxgl/17.2/fxgl-17.2.jar!/fxglassets/ui/css/fxgl_dark.css
17:18:52.858 [FXGL Background Thread 1 ] DEBUG GameApplicationServi - Initializing application scenes
17:18:52.968 [FXGL Background Thread 1 ] DEBUG GameWorld            - Game world initialized
17:18:53.083 [FXGL Background Thread 1 ] DEBUG PhysicsWorld         - Physics world initialized: appHeight=522, physics.ppm=50.0
17:18:53.083 [FXGL Background Thread 1 ] DEBUG PhysicsWorld         - Using strategy: BRUTE_FORCE
17:18:53.092 [FXGL Background Thread 1 ] DEBUG GameScene            - Game scene initialized: 1018x522
17:18:53.113 [FXGL Background Thread 1 ] WARN  FXGL.DefaultMenu     - FXGLDefaultMenu is not designed for resolutions < 800x600
17:18:53.114 [FXGL Background Thread 1 ] DEBUG FXGL.DefaultMenu     - createMenuBodyMainMenu()
17:18:53.146 [FXGL Background Thread 1 ] DEBUG FXGL.DefaultMenu     - createOptionsMenu()
17:18:53.167 [FXGL Background Thread 1 ] DEBUG FXGLAssetLoaderServi - Loading from file system: jar:file:/C:/Users/admin/.m2/repository/com/github/almasb/fxgl/17.2/fxgl-17.2.jar!/fxglassets/textures/particles/smoke.png
17:18:53.335 [FXGL Background Thread 1 ] DEBUG FXGLAssetLoaderServi - Loading from file system: jar:file:/C:/Users/admin/.m2/repository/com/github/almasb/fxgl/17.2/fxgl-17.2.jar!/fxglassets/textures/particles/trace_horizontal.png
17:18:53.376 [FXGL Background Thread 1 ] WARN  FXGL.DefaultMenu     - FXGLDefaultMenu is not designed for resolutions < 800x600
17:18:53.377 [FXGL Background Thread 1 ] DEBUG FXGL.DefaultMenu     - createMenuBodyGameMenu()
17:18:53.380 [FXGL Background Thread 1 ] DEBUG FXGL.DefaultMenu     - createOptionsMenu()
17:18:53.408 [FXGL Background Thread 1 ] DEBUG GameApplicationServi - Application scenes initialized
17:18:53.435 [FXGL Background Thread 1 ] DEBUG SystemBundleService  - Loading FXGL system data
17:18:53.442 [FXGL Background Thread 1 ] DEBUG FileSystemAccess     - Reading from: D:\JavaProject\BigProject\system\fxgl.bundle
17:18:53.457 [FXGL Background Thread 1 ] DEBUG SystemBundleService  - Bundle FXGL: {}
17:18:53.457 [FXGL Background Thread 1 ] DEBUG UpdaterService       - Checking for updates
17:18:53.507 [FXGL Background Thread 1 ] DEBUG FXGLApplication      - Loading default localization
17:18:53.508 [FXGL Background Thread 1 ] DEBUG FXGLAssetLoaderServi - Loading from file system: jar:file:/C:/Users/admin/.m2/repository/com/github/almasb/fxgl/17.2/fxgl-17.2.jar!/fxglassets/languages/english.lang
17:18:53.548 [FXGL Background Thread 1 ] INFO  FXGLApplication      - FXGL initialization took: 0.883 sec
17:18:53.549 [JavaFX Application Thread] DEBUG FXGLAssetLoaderServi - Loading from file system: jar:file:/C:/Users/admin/.m2/repository/com/github/almasb/fxgl/17.2/fxgl-17.2.jar!/fxglassets/textures/fxgl_icon.png
17:18:53.600 [FXGL Background Thread 4 ] DEBUG FXGLApplication      - Loading fonts
17:18:53.604 [JavaFX Application Thread] DEBUG FXGLAssetLoaderServi - Loading from file system: jar:file:/C:/Users/admin/.m2/repository/com/github/almasb/fxgl/17.2/fxgl-17.2.jar!/fxglassets/textures/fxgl_default_cursor.png
17:18:53.604 [FXGL Background Thread 4 ] DEBUG FXGLAssetLoaderServi - Loading from file system: jar:file:/C:/Users/admin/.m2/repository/com/github/almasb/fxgl/17.2/fxgl-17.2.jar!/fxglassets/ui/fonts/VarelaRound-Regular.ttf
17:18:53.619 [JavaFX Application Thread] DEBUG Input                - Registered new binding: Screenshot - CTRL+8
17:18:53.630 [JavaFX Application Thread] DEBUG Input                - Registered new binding: Dev Options - 1
17:18:53.631 [JavaFX Application Thread] DEBUG Input                - Registered new binding: Dev Console - 2
17:18:53.632 [JavaFX Application Thread] DEBUG Input                - Registered new binding: System info dump - CTRL+9
17:18:53.632 [JavaFX Application Thread] DEBUG Input                - Registered new binding: Restart - CTRL+R
17:18:53.635 [JavaFX Application Thread] DEBUG Input                - Registered new binding: Toggle Debug Camera - CTRL+7
17:18:53.649 [JavaFX Application Thread] DEBUG LoopRunner           - Starting loop
17:18:53.670 [JavaFX Application Thread] DEBUG LoopRunner           - Initializing ScheduledExecutorLoop with fps: 64
17:18:53.674 [JavaFX Application Thread] DEBUG Input                - Clearing active input actions
17:18:53.684 [JavaFX Application Thread] DEBUG GameApplicationServi - Removing overlay from FXGLStartupScene and adding to FXGLMainMenuDummyScene
17:18:53.689 [JavaFX Application Thread] DEBUG PrimaryStageWindow   - FXGLStartupScene -> FXGLMainMenuDummyScene
17:18:53.690 [JavaFX Application Thread] DEBUG PrimaryStageWindow   - Push state: FXGLDefaultMenu
17:18:53.708 [JavaFX Application Thread] DEBUG Input                - Clearing active input actions
17:18:53.727 [JavaFX Application Thread] DEBUG GameApplicationServi - Removing overlay from FXGLMainMenuDummyScene and adding to FXGLDefaultMenu
17:18:53.728 [JavaFX Application Thread] DEBUG PrimaryStageWindow   - FXGLMainMenuDummyScene -> FXGLDefaultMenu
17:18:54.447 [FXGL Background Thread 4 ] DEBUG FXGLAssetLoaderServi - Loading from file system: jar:file:/C:/Users/admin/.m2/repository/com/github/almasb/fxgl/17.2/fxgl-17.2.jar!/fxglassets/ui/fonts/Abel-Regular.ttf
17:18:54.526 [FXGL Background Thread 4 ] DEBUG FXGLAssetLoaderServi - Loading from file system: jar:file:/C:/Users/admin/.m2/repository/com/github/almasb/fxgl/17.2/fxgl-17.2.jar!/fxglassets/ui/fonts/TerminalLandMono-Regular.otf
17:18:54.728 [FXGL Background Thread 4 ] DEBUG FXGLAssetLoaderServi - Loading from file system: jar:file:/C:/Users/admin/.m2/repository/com/github/almasb/fxgl/17.2/fxgl-17.2.jar!/fxglassets/ui/fonts/Courier-Prime.ttf
17:18:54.776 [JavaFX Application Thread] DEBUG FXGLApplication      - Registering font factories with UI factory
17:18:56.503 [FXGL Background Thread 3 ] DEBUG Engine               - Logging environment variables
17:18:56.504 [FXGL Background Thread 3 ] DEBUG Engine               - achievements: []
17:18:56.505 [FXGL Background Thread 3 ] DEBUG Engine               - actualHeight: 522.0
17:18:56.505 [FXGL Background Thread 3 ] DEBUG Engine               - actualHeightProperty: ReadOnlyDoubleProperty [value: 522.0]
17:18:56.505 [FXGL Background Thread 3 ] DEBUG Engine               - actualWidth: 1018.0
17:18:56.507 [FXGL Background Thread 3 ] DEBUG Engine               - actualWidthProperty: ReadOnlyDoubleProperty [value: 1018.0]
17:18:56.508 [FXGL Background Thread 3 ] DEBUG Engine               - appIcon: fxgl_icon.png
17:18:56.508 [FXGL Background Thread 3 ] DEBUG Engine               - applicationMode: DEVELOPER
17:18:56.508 [FXGL Background Thread 3 ] DEBUG Engine               - cSSList: [fxgl_dark.css]
17:18:56.516 [FXGL Background Thread 3 ] DEBUG Engine               - collisionDetectionStrategy: BRUTE_FORCE
17:18:56.516 [FXGL Background Thread 3 ] DEBUG Engine               - configClass: Optional.empty
17:18:56.516 [FXGL Background Thread 3 ] DEBUG Engine               - credits: []
17:18:56.518 [FXGL Background Thread 3 ] DEBUG Engine               - defaultCursor: CursorInfo(imageName=fxgl_default_cursor.png, hotspotX=7.0, hotspotY=6.0)
17:18:56.519 [FXGL Background Thread 3 ] DEBUG Engine               - devBBoxColorProperty: ObjectProperty [value: 0xff0000ff]
17:18:56.519 [FXGL Background Thread 3 ] DEBUG Engine               - devEnableDebugCameraProperty: BooleanProperty [value: false]
17:18:56.519 [FXGL Background Thread 3 ] DEBUG Engine               - devSensorColorProperty: ObjectProperty [value: 0xffff00ff]
17:18:56.519 [FXGL Background Thread 3 ] DEBUG Engine               - devShowBBoxProperty: BooleanProperty [value: false]
17:18:56.519 [FXGL Background Thread 3 ] DEBUG Engine               - devShowPositionProperty: BooleanProperty [value: false]
17:18:56.519 [FXGL Background Thread 3 ] DEBUG Engine               - enabledMenuItems: []
17:18:56.519 [FXGL Background Thread 3 ] DEBUG Engine               - engineServices: [class com.almasb.fxgl.app.services.FXGLAssetLoaderService, class com.almasb.fxgl.app.FXGLApplication$GameApplicationService, class com.almasb.fxgl.app.services.FXGLDialogService, class com.almasb.fxgl.app.services.IOTaskExecutorService, class com.almasb.fxgl.io.FileSystemService, class com.almasb.fxgl.localization.LocalizationService, class com.almasb.fxgl.app.services.SystemBundleService, class com.almasb.fxgl.profile.SaveLoadService, class com.almasb.fxgl.ui.FXGLUIFactoryServiceProvider, class com.almasb.fxgl.ui.FXGLDialogFactoryServiceProvider, class com.almasb.fxgl.audio.AudioPlayer, class com.almasb.fxgl.notification.impl.NotificationServiceProvider, class com.almasb.fxgl.achievement.AchievementService, class com.almasb.fxgl.cutscene.CutsceneService, class com.almasb.fxgl.minigames.MiniGameService, class com.almasb.fxgl.net.NetService, class com.almasb.fxgl.app.services.UpdaterService, class com.almasb.fxgl.dev.DevService]
17:18:56.520 [FXGL Background Thread 3 ] DEBUG Engine               - fontGame: Abel-Regular.ttf
17:18:56.520 [FXGL Background Thread 3 ] DEBUG Engine               - fontMono: TerminalLandMono-Regular.otf
17:18:56.520 [FXGL Background Thread 3 ] DEBUG Engine               - fontText: Courier-Prime.ttf
17:18:56.520 [FXGL Background Thread 3 ] DEBUG Engine               - fontUI: VarelaRound-Regular.ttf
17:18:56.520 [FXGL Background Thread 3 ] DEBUG Engine               - fullScreen: BooleanProperty [value: false]
17:18:56.520 [FXGL Background Thread 3 ] DEBUG Engine               - gameDifficulty: MEDIUM
17:18:56.520 [FXGL Background Thread 3 ] DEBUG Engine               - gameDifficultyProperty: ObjectProperty [value: MEDIUM]
17:18:56.520 [FXGL Background Thread 3 ] DEBUG Engine               - globalMusicVolume: 0.5
17:18:56.520 [FXGL Background Thread 3 ] DEBUG Engine               - globalMusicVolumeProperty: DoubleProperty [value: 0.5]
17:18:56.520 [FXGL Background Thread 3 ] DEBUG Engine               - globalSoundVolume: 0.5
17:18:56.520 [FXGL Background Thread 3 ] DEBUG Engine               - globalSoundVolumeProperty: DoubleProperty [value: 0.5]
17:18:56.521 [FXGL Background Thread 3 ] DEBUG Engine               - height: 522
17:18:56.521 [FXGL Background Thread 3 ] DEBUG Engine               - is3D: false
17:18:56.521 [FXGL Background Thread 3 ] DEBUG Engine               - isAndroid: false
17:18:56.521 [FXGL Background Thread 3 ] DEBUG Engine               - isBrowser: false
17:18:56.521 [FXGL Background Thread 3 ] DEBUG Engine               - isClickFeedbackEnabled: false
17:18:56.521 [FXGL Background Thread 3 ] DEBUG Engine               - isCloseConfirmation: false
17:18:56.521 [FXGL Background Thread 3 ] DEBUG Engine               - isDesktop: true
17:18:56.521 [FXGL Background Thread 3 ] DEBUG Engine               - isDeveloperMenuEnabled: true
17:18:56.521 [FXGL Background Thread 3 ] DEBUG Engine               - isEmbedded: false
17:18:56.521 [FXGL Background Thread 3 ] DEBUG Engine               - isEntityPreloadEnabled: true
17:18:56.521 [FXGL Background Thread 3 ] DEBUG Engine               - isExperimentalTiledLargeMap: false
17:18:56.521 [FXGL Background Thread 3 ] DEBUG Engine               - isFileSystemWriteAllowed: true
17:18:56.521 [FXGL Background Thread 3 ] DEBUG Engine               - isFullScreenAllowed: false
17:18:56.521 [FXGL Background Thread 3 ] DEBUG Engine               - isFullScreenFromStart: false
17:18:56.522 [FXGL Background Thread 3 ] DEBUG Engine               - isGameMenuEnabled: true
17:18:56.522 [FXGL Background Thread 3 ] DEBUG Engine               - isIOS: false
17:18:56.522 [FXGL Background Thread 3 ] DEBUG Engine               - isIntroEnabled: false
17:18:56.522 [FXGL Background Thread 3 ] DEBUG Engine               - isLinux: false
17:18:56.522 [FXGL Background Thread 3 ] DEBUG Engine               - isMac: false
17:18:56.522 [FXGL Background Thread 3 ] DEBUG Engine               - isMainMenuEnabled: true
17:18:56.522 [FXGL Background Thread 3 ] DEBUG Engine               - isManualResizeEnabled: false
17:18:56.522 [FXGL Background Thread 3 ] DEBUG Engine               - isMobile: false
17:18:56.522 [FXGL Background Thread 3 ] DEBUG Engine               - isNative: false
17:18:56.522 [FXGL Background Thread 3 ] DEBUG Engine               - isPauseMusicWhenMinimized: true
17:18:56.522 [FXGL Background Thread 3 ] DEBUG Engine               - isPreserveResizeRatio: false
17:18:56.522 [FXGL Background Thread 3 ] DEBUG Engine               - isProfilingEnabled: false
17:18:56.522 [FXGL Background Thread 3 ] DEBUG Engine               - isScaleAffectedOnResize: true
17:18:56.522 [FXGL Background Thread 3 ] DEBUG Engine               - isSingleStep: false
17:18:56.523 [FXGL Background Thread 3 ] DEBUG Engine               - isUserProfileEnabled: false
17:18:56.523 [FXGL Background Thread 3 ] DEBUG Engine               - isWindows: true
17:18:56.523 [FXGL Background Thread 3 ] DEBUG Engine               - language: ObjectProperty [value: ENGLISH]
17:18:56.523 [FXGL Background Thread 3 ] DEBUG Engine               - menuKey: ESCAPE
17:18:56.523 [FXGL Background Thread 3 ] DEBUG Engine               - mouseSensitivity: 0.2
17:18:56.523 [FXGL Background Thread 3 ] DEBUG Engine               - notificationViewClass: class com.almasb.fxgl.notification.view.XboxNotificationView
17:18:56.523 [FXGL Background Thread 3 ] DEBUG Engine               - pixelsPerMeter: 50.0
17:18:56.523 [FXGL Background Thread 3 ] DEBUG Engine               - platform: WINDOWS
17:18:56.523 [FXGL Background Thread 3 ] DEBUG Engine               - prefHeightProperty: ReadOnlyDoubleProperty [value: 522.0]
17:18:56.523 [FXGL Background Thread 3 ] DEBUG Engine               - prefWidthProperty: ReadOnlyDoubleProperty [value: 1018.0]
17:18:56.523 [FXGL Background Thread 3 ] DEBUG Engine               - profileDir: profiles/
17:18:56.524 [FXGL Background Thread 3 ] DEBUG Engine               - profileName: StringProperty [value: DEFAULT]
17:18:56.524 [FXGL Background Thread 3 ] DEBUG Engine               - randomSeed: -1
17:18:56.525 [FXGL Background Thread 3 ] DEBUG Engine               - runtimeInfo: RuntimeInfo(platform=WINDOWS, version=17.2, build=20.08.2022 16.50)
17:18:56.525 [FXGL Background Thread 3 ] DEBUG Engine               - saveFileExt: sav
17:18:56.525 [FXGL Background Thread 3 ] DEBUG Engine               - scaledHeightProp$fxgl: DoubleProperty [bound, value: 522.0]
17:18:56.525 [FXGL Background Thread 3 ] DEBUG Engine               - scaledWidthProp$fxgl: DoubleProperty [bound, value: 1018.0]
17:18:56.525 [FXGL Background Thread 3 ] DEBUG Engine               - sceneFactory: com.almasb.fxgl.app.scene.SceneFactory@56acbd16
17:18:56.525 [FXGL Background Thread 3 ] DEBUG Engine               - secondsIn24h: 60
17:18:56.525 [FXGL Background Thread 3 ] DEBUG Engine               - soundMenuBack: menu/back.wav
17:18:56.525 [FXGL Background Thread 3 ] DEBUG Engine               - soundMenuPress: menu/press.wav
17:18:56.525 [FXGL Background Thread 3 ] DEBUG Engine               - soundMenuSelect: menu/select.wav
17:18:56.525 [FXGL Background Thread 3 ] DEBUG Engine               - soundNotification: core/notification.wav
17:18:56.525 [FXGL Background Thread 3 ] DEBUG Engine               - stageStyle: DECORATED
17:18:56.526 [FXGL Background Thread 3 ] DEBUG Engine               - supportedLanguages: [ENGLISH, FRENCH, GERMAN, HUNGARIAN, RUSSIAN]
17:18:56.526 [FXGL Background Thread 3 ] DEBUG Engine               - ticksPerSecond: 64
17:18:56.526 [FXGL Background Thread 3 ] DEBUG Engine               - title: Bomman
17:18:56.526 [FXGL Background Thread 3 ] DEBUG Engine               - urlGithub: https://github.com/AlmasB/FXGL
17:18:56.526 [FXGL Background Thread 3 ] DEBUG Engine               - urlLeaderboard: http://fxgl-top.herokuapp.com/
17:18:56.526 [FXGL Background Thread 3 ] DEBUG Engine               - urlPOM: https://raw.githubusercontent.com/AlmasB/FXGL/release/README.md
17:18:56.526 [FXGL Background Thread 3 ] DEBUG Engine               - userAppClass: class com.ethnicthv.bigproject.client.pri.BommerApplication
17:18:56.526 [FXGL Background Thread 3 ] DEBUG Engine               - version: 0.1
17:18:56.526 [FXGL Background Thread 3 ] DEBUG Engine               - versionCheckDays: 7
17:18:56.526 [FXGL Background Thread 3 ] DEBUG Engine               - width: 1018
17:18:56.526 [FXGL Background Thread 3 ] DEBUG Engine               - Logging services
17:18:56.526 [FXGL Background Thread 3 ] DEBUG Engine               - class com.almasb.fxgl.app.services.FXGLAssetLoaderService
17:18:56.526 [FXGL Background Thread 3 ] DEBUG Engine               - class com.almasb.fxgl.app.FXGLApplication$GameApplicationService
17:18:56.527 [FXGL Background Thread 3 ] DEBUG Engine               - class com.almasb.fxgl.app.services.FXGLDialogService
17:18:56.527 [FXGL Background Thread 3 ] DEBUG Engine               - class com.almasb.fxgl.app.services.IOTaskExecutorService
17:18:56.527 [FXGL Background Thread 3 ] DEBUG Engine               - class com.almasb.fxgl.io.FileSystemService
17:18:56.527 [FXGL Background Thread 3 ] DEBUG Engine               - class com.almasb.fxgl.localization.LocalizationService
17:18:56.527 [FXGL Background Thread 3 ] DEBUG Engine               - class com.almasb.fxgl.app.services.SystemBundleService
17:18:56.527 [FXGL Background Thread 3 ] DEBUG Engine               - class com.almasb.fxgl.profile.SaveLoadService
17:18:56.527 [FXGL Background Thread 3 ] DEBUG Engine               - class com.almasb.fxgl.ui.FXGLUIFactoryServiceProvider
17:18:56.527 [FXGL Background Thread 3 ] DEBUG Engine               - class com.almasb.fxgl.ui.FXGLDialogFactoryServiceProvider
17:18:56.527 [FXGL Background Thread 3 ] DEBUG Engine               - class com.almasb.fxgl.audio.AudioPlayer
17:18:56.527 [FXGL Background Thread 3 ] DEBUG Engine               - class com.almasb.fxgl.notification.impl.NotificationServiceProvider
17:18:56.527 [FXGL Background Thread 3 ] DEBUG Engine               - class com.almasb.fxgl.achievement.AchievementService
17:18:56.527 [FXGL Background Thread 3 ] DEBUG Engine               - class com.almasb.fxgl.cutscene.CutsceneService
17:18:56.527 [FXGL Background Thread 3 ] DEBUG Engine               - class com.almasb.fxgl.minigames.MiniGameService
17:18:56.527 [FXGL Background Thread 3 ] DEBUG Engine               - class com.almasb.fxgl.net.NetService
17:18:56.527 [FXGL Background Thread 3 ] DEBUG Engine               - class com.almasb.fxgl.app.services.UpdaterService
17:18:56.527 [FXGL Background Thread 3 ] DEBUG Engine               - class com.almasb.fxgl.dev.DevService
17:18:56.961 [JavaFX Application Thread] DEBUG Menu                 - fireNewGame()
17:18:56.961 [JavaFX Application Thread] DEBUG GameApplicationServi - Starting new game
17:18:56.964 [JavaFX Application Thread] DEBUG PrimaryStageWindow   - Pop state: FXGLDefaultMenu
17:18:56.964 [JavaFX Application Thread] DEBUG Input                - Clearing active input actions
17:18:56.966 [JavaFX Application Thread] DEBUG GameApplicationServi - Removing overlay from FXGLDefaultMenu and adding to FXGLMainMenuDummyScene
17:18:56.969 [JavaFX Application Thread] DEBUG PrimaryStageWindow   - FXGLMainMenuDummyScene <- FXGLDefaultMenu
17:18:56.969 [JavaFX Application Thread] DEBUG Input                - Clearing active input actions
17:18:56.976 [JavaFX Application Thread] DEBUG GameApplicationServi - Removing overlay from FXGLMainMenuDummyScene and adding to FXGLLoadingScene
17:18:56.976 [JavaFX Application Thread] DEBUG PrimaryStageWindow   - FXGLMainMenuDummyScene -> FXGLLoadingScene
17:18:56.977 [JavaFX Application Thread] DEBUG GameApplicationServi - Clearing previous game
17:18:56.977 [JavaFX Application Thread] DEBUG GameScene            - Clearing game scene
17:18:56.977 [JavaFX Application Thread] DEBUG GameWorld            - Clearing game world
17:18:56.977 [JavaFX Application Thread] DEBUG PhysicsWorld         - Clearing physics world
17:18:56.979 [FXGL Background Thread 2 ] DEBUG FXGLApplication      - Initializing game
17:18:57.123 [FXGL Background Thread 2 ] DEBUG Input                - Registered new binding: MOVE - LMB
17:18:57.123 [FXGL Background Thread 2 ] DEBUG Input                - Registered new binding: SHIELD - K
17:18:57.124 [FXGL Background Thread 2 ] DEBUG Input                - Registered new binding: PLACE BOOM - Space
17:18:57.125 [FXGL Background Thread 2 ] DEBUG Input                - Registered new binding: Test - RMB
17:18:57.125 [FXGL Background Thread 2 ] DEBUG Input                - Registered new binding: Test2 - L
17:18:57.125 [FXGL Background Thread 2 ] DEBUG Input                - Registered new binding: Test3 - M
17:18:57.146 [FXGL Background Thread 2 ] DEBUG FXGLAssetLoaderServi - Loading from file system: file:/D:/JavaProject/BigProject/target/classes/assets/textures/entity/block.png
17:18:57.148 [FXGL Background Thread 2 ] DEBUG FXGLAssetLoaderServi - Loading from file system: file:/D:/JavaProject/BigProject/target/classes/assets/textures/entity/wall.png
17:18:57.149 [FXGL Background Thread 2 ] DEBUG FXGLAssetLoaderServi - Loading from file system: file:/D:/JavaProject/BigProject/target/classes/assets/textures/entity/grass.png
17:18:57.151 [FXGL Background Thread 2 ] DEBUG FXGLAssetLoaderServi - Loading from file system: file:/D:/JavaProject/BigProject/target/classes/assets/textures/ui/player.png
17:18:57.152 [FXGL Background Thread 2 ] DEBUG FXGLAssetLoaderServi - Loading from file system: file:/D:/JavaProject/BigProject/target/classes/assets/textures/ui/frame.png
17:18:57.187 [FXGL Background Thread 2 ] DEBUG FXGLAssetLoaderServi - Loading from file system: file:/D:/JavaProject/BigProject/target/classes/assets/textures/ui/barframe.png
17:18:57.189 [FXGL Background Thread 2 ] DEBUG FXGLAssetLoaderServi - Loading from file system: file:/D:/JavaProject/BigProject/target/classes/assets/textures/particle/ember.png
17:18:57.193 [FXGL Background Thread 2 ] DEBUG FXGLAssetLoaderServi - Loading from file system: file:/D:/JavaProject/BigProject/target/classes/assets/textures/particle/blast.png
17:18:57.240 [FXGL Background Thread 2 ] DEBUG FXGLAssetLoaderServi - Loading from file system: file:/D:/JavaProject/BigProject/target/classes/assets/textures/rocket.png
17:18:57.241 [FXGL Background Thread 2 ] DEBUG FXGLAssetLoaderServi - Loading from file system: file:/D:/JavaProject/BigProject/target/classes/assets/textures/feature/shield.png
17:18:57.243 [FXGL Background Thread 2 ] DEBUG FXGLAssetLoaderServi - Loading from file system: file:/D:/JavaProject/BigProject/target/classes/assets/textures/feature/shield_layer2.png
17:18:57.245 [FXGL Background Thread 2 ] DEBUG FXGLAssetLoaderServi - Loading from file system: file:/D:/JavaProject/BigProject/target/classes/assets/textures/ui/shieldicon.png
17:18:57.246 [FXGL Background Thread 2 ] DEBUG FXGLAssetLoaderServi - Loading from file system: file:/D:/JavaProject/BigProject/target/classes/assets/textures/ui/speedicon.png
17:18:57.248 [FXGL Background Thread 2 ] DEBUG FXGLAssetLoaderServi - Loading from file system: file:/D:/JavaProject/BigProject/target/classes/assets/textures/ui/blockicon.png
17:18:57.250 [FXGL Background Thread 2 ] DEBUG FXGLAssetLoaderServi - Loading from file system: file:/D:/JavaProject/BigProject/target/classes/assets/textures/ui/boomicon.png
17:18:57.779 [FXGL Background Thread 2 ] DEBUG GameWorld            - Clearing removable entities
17:18:57.780 [FXGL Background Thread 2 ] DEBUG GameWorld            - Setting level: com.almasb.fxgl.entity.level.Level@eac7273
17:18:57.820 [FXGL Background Thread 2 ] DEBUG FXGLAssetLoaderServi - Loading from file system: file:/D:/JavaProject/BigProject/target/classes/assets/textures/entity/player_idle.png
17:18:57.826 [FXGL Background Thread 2 ] DEBUG FXGLAssetLoaderServi - Loading from file system: file:/D:/JavaProject/BigProject/target/classes/assets/textures/entity/player_walk.png
17:18:57.833 [FXGL Background Thread 2 ] DEBUG FXGLAssetLoaderServi - Loading from file system: file:/D:/JavaProject/BigProject/target/classes/assets/textures/entity/commonenemy.png
17:18:57.835 [FXGL Background Thread 2 ] DEBUG FXGLAssetLoaderServi - Loading from file system: file:/D:/JavaProject/BigProject/target/classes/assets/textures/entity/boom.png
17:18:58.033 [FXGL Background Thread 2 ] INFO  FXGLApplication      - Game initialization took: 1.054 sec
17:18:58.035 [JavaFX Application Thread] DEBUG Input                - Clearing active input actions
17:18:58.084 [JavaFX Application Thread] DEBUG GameApplicationServi - Removing overlay from FXGLLoadingScene and adding to GameScene
17:18:58.089 [JavaFX Application Thread] DEBUG PrimaryStageWindow   - FXGLLoadingScene -> GameScene
17:19:34.618 [JavaFX Application Thread] DEBUG FXGLApplication      - Exiting FXGL
17:19:34.618 [JavaFX Application Thread] DEBUG LoopRunner           - Stopping loop
17:19:34.618 [JavaFX Application Thread] DEBUG SystemBundleService  - Saving FXGL system data
17:19:34.620 [JavaFX Application Thread] DEBUG FileSystemAccess     - Writing to: D:\JavaProject\BigProject\system\fxgl.bundle
17:19:34.623 [JavaFX Application Thread] DEBUG Async                - Shutting down background threads
17:19:34.623 [JavaFX Application Thread] DEBUG PrimaryStageWindow   - Closing main window
17:19:34.637 [JavaFX Application Thread] DEBUG Logger               - Closing Logger
