16:11:19.785 [main                     ] DEBUG Logger               - Configured Logger
16:11:19.829 [main                     ] DEBUG GameApplication      - Logging settings
Title: Bomman
Version: 0.1
Width: 1018
Height: 522
Fullscreen: false
Intro: false
Profiling: false
Single step:false
App Mode: DEVELOPER
Menu Key: ESCAPE
Stage Style: DECORATED
Scene Factory: class com.almasb.fxgl.app.scene.SceneFactory

16:11:20.617 [JavaFX Application Thread] DEBUG FXGLApplication      - Initializing FXGL
16:11:20.626 [JavaFX Application Thread] INFO  Engine               - FXGL-17.2 (20.08.2022 16.50) on WINDOWS (J:18.0.2.1 FX:19)
16:11:20.627 [JavaFX Application Thread] DEBUG Engine               - JRE Vendor Name: Oracle Corporation
16:11:20.627 [JavaFX Application Thread] DEBUG Engine               - Running on OS: Windows 10 version 10.0
16:11:20.628 [JavaFX Application Thread] DEBUG Engine               - Architecture: amd64
16:11:20.629 [JavaFX Application Thread] INFO  Engine               - Source code and latest versions at: https://github.com/AlmasB/FXGL
16:11:20.629 [JavaFX Application Thread] INFO  Engine               -       Ask questions and discuss at: https://github.com/AlmasB/FXGL/discussions
16:11:20.629 [JavaFX Application Thread] INFO  Engine               -              Join the FXGL chat at: https://gitter.im/AlmasB/FXGL
16:11:20.850 [JavaFX Application Thread] DEBUG PrimaryStageWindow   - Creating a JavaFX scene
16:11:20.945 [JavaFX Application Thread] DEBUG PrimaryStageWindow   - Target settings size: 1018.0 x 522.0
16:11:20.946 [JavaFX Application Thread] DEBUG PrimaryStageWindow   - Scaled scene size:    1018.0 x 522.0
16:11:20.946 [JavaFX Application Thread] DEBUG PrimaryStageWindow   - Scaled ratio: (1.0, 1.0)
16:11:20.949 [JavaFX Application Thread] DEBUG PrimaryStageWindow   - Set initial scene to FXGLStartupScene
16:11:20.956 [JavaFX Application Thread] DEBUG PrimaryStageWindow   - Opening main window
16:11:21.081 [JavaFX Application Thread] DEBUG PrimaryStageWindow   - Window border size: (16.0, 39.0)
16:11:21.081 [JavaFX Application Thread] DEBUG PrimaryStageWindow   - Scaled size: 1018.0 x 522.0
16:11:21.081 [JavaFX Application Thread] DEBUG PrimaryStageWindow   - Scaled ratio: (1.0, 1.0)
16:11:21.082 [JavaFX Application Thread] DEBUG PrimaryStageWindow   - Scene size: 1018.0 x 522.0
16:11:21.082 [JavaFX Application Thread] DEBUG PrimaryStageWindow   - Stage size: 1034.0 x 561.0
16:11:21.132 [FXGL Background Thread 1 ] DEBUG Engine               - Initializing environment variables
16:11:21.223 [FXGL Background Thread 1 ] DEBUG FXGLAssetLoaderServi - User app class for loading assets: class com.ethnicthv.bigproject.client.pri.BommerApplication
16:11:21.224 [FXGL Background Thread 1 ] DEBUG GameApplicationServi - Applying CSS: fxgl_dark.css
16:11:21.226 [FXGL Background Thread 1 ] DEBUG FXGLAssetLoaderServi - Loading from file system: jar:file:/C:/Users/admin/.m2/repository/com/github/almasb/fxgl/17.2/fxgl-17.2.jar!/fxglassets/ui/css/fxgl_dark.css
16:11:21.308 [FXGL Background Thread 1 ] DEBUG GameApplicationServi - Initializing application scenes
16:11:21.411 [FXGL Background Thread 1 ] DEBUG GameWorld            - Game world initialized
16:11:21.517 [FXGL Background Thread 1 ] DEBUG PhysicsWorld         - Physics world initialized: appHeight=522, physics.ppm=50.0
16:11:21.518 [FXGL Background Thread 1 ] DEBUG PhysicsWorld         - Using strategy: BRUTE_FORCE
16:11:21.523 [FXGL Background Thread 1 ] DEBUG GameScene            - Game scene initialized: 1018x522
16:11:21.547 [FXGL Background Thread 1 ] WARN  FXGL.DefaultMenu     - FXGLDefaultMenu is not designed for resolutions < 800x600
16:11:21.547 [FXGL Background Thread 1 ] DEBUG FXGL.DefaultMenu     - createMenuBodyGameMenu()
16:11:21.575 [FXGL Background Thread 1 ] DEBUG FXGL.DefaultMenu     - createOptionsMenu()
16:11:21.592 [FXGL Background Thread 1 ] DEBUG FXGLAssetLoaderServi - Loading from file system: jar:file:/C:/Users/admin/.m2/repository/com/github/almasb/fxgl/17.2/fxgl-17.2.jar!/fxglassets/textures/particles/smoke.png
16:11:21.758 [FXGL Background Thread 1 ] DEBUG FXGLAssetLoaderServi - Loading from file system: jar:file:/C:/Users/admin/.m2/repository/com/github/almasb/fxgl/17.2/fxgl-17.2.jar!/fxglassets/textures/particles/trace_horizontal.png
16:11:21.810 [FXGL Background Thread 1 ] DEBUG GameApplicationServi - Application scenes initialized
16:11:21.853 [FXGL Background Thread 1 ] DEBUG SystemBundleService  - Loading FXGL system data
16:11:21.860 [FXGL Background Thread 1 ] DEBUG FileSystemAccess     - Reading from: D:\JavaProject\BigProject\system\fxgl.bundle
16:11:21.875 [FXGL Background Thread 1 ] DEBUG SystemBundleService  - Bundle FXGL: {}
16:11:21.875 [FXGL Background Thread 1 ] DEBUG UpdaterService       - Checking for updates
16:11:21.920 [FXGL Background Thread 1 ] DEBUG FXGLApplication      - Loading default localization
16:11:21.921 [FXGL Background Thread 1 ] DEBUG FXGLAssetLoaderServi - Loading from file system: jar:file:/C:/Users/admin/.m2/repository/com/github/almasb/fxgl/17.2/fxgl-17.2.jar!/fxglassets/languages/english.lang
16:11:21.987 [FXGL Background Thread 4 ] DEBUG FXGLApplication      - Loading fonts
16:11:21.987 [FXGL Background Thread 4 ] DEBUG FXGLAssetLoaderServi - Loading from file system: jar:file:/C:/Users/admin/.m2/repository/com/github/almasb/fxgl/17.2/fxgl-17.2.jar!/fxglassets/ui/fonts/VarelaRound-Regular.ttf
16:11:21.994 [FXGL Background Thread 1 ] INFO  FXGLApplication      - FXGL initialization took: 0.862 sec
16:11:21.995 [JavaFX Application Thread] DEBUG FXGLAssetLoaderServi - Loading from file system: jar:file:/C:/Users/admin/.m2/repository/com/github/almasb/fxgl/17.2/fxgl-17.2.jar!/fxglassets/textures/fxgl_icon.png
16:11:22.029 [JavaFX Application Thread] DEBUG FXGLAssetLoaderServi - Loading from file system: jar:file:/C:/Users/admin/.m2/repository/com/github/almasb/fxgl/17.2/fxgl-17.2.jar!/fxglassets/textures/fxgl_default_cursor.png
16:11:22.044 [JavaFX Application Thread] DEBUG Input                - Registered new binding: Screenshot - CTRL+8
16:11:22.046 [JavaFX Application Thread] DEBUG Input                - Registered new binding: Dev Options - 1
16:11:22.047 [JavaFX Application Thread] DEBUG Input                - Registered new binding: Dev Console - 2
16:11:22.047 [JavaFX Application Thread] DEBUG Input                - Registered new binding: System info dump - CTRL+9
16:11:22.048 [JavaFX Application Thread] DEBUG Input                - Registered new binding: Restart - CTRL+R
16:11:22.049 [JavaFX Application Thread] DEBUG Input                - Registered new binding: Toggle Debug Camera - CTRL+7
16:11:22.054 [JavaFX Application Thread] DEBUG LoopRunner           - Starting loop
16:11:22.077 [JavaFX Application Thread] DEBUG LoopRunner           - Initializing ScheduledExecutorLoop with fps: 64
16:11:22.080 [JavaFX Application Thread] DEBUG GameApplicationServi - Starting new game
16:11:22.081 [JavaFX Application Thread] DEBUG Input                - Clearing active input actions
16:11:22.104 [JavaFX Application Thread] DEBUG GameApplicationServi - Removing overlay from FXGLStartupScene and adding to FXGLLoadingScene
16:11:22.109 [JavaFX Application Thread] DEBUG PrimaryStageWindow   - FXGLStartupScene -> FXGLLoadingScene
16:11:22.109 [JavaFX Application Thread] DEBUG GameApplicationServi - Clearing previous game
16:11:22.109 [JavaFX Application Thread] DEBUG GameScene            - Clearing game scene
16:11:22.109 [JavaFX Application Thread] DEBUG GameWorld            - Clearing game world
16:11:22.110 [JavaFX Application Thread] DEBUG PhysicsWorld         - Clearing physics world
16:11:22.111 [FXGL Background Thread 1 ] DEBUG FXGLApplication      - Initializing game
16:11:22.126 [FXGL Background Thread 1 ] DEBUG Input                - Registered new binding: MOVE - LMB
16:11:22.126 [FXGL Background Thread 1 ] DEBUG Input                - Registered new binding: SHIELD - K
16:11:22.126 [FXGL Background Thread 1 ] DEBUG Input                - Registered new binding: PLACE BOOM - Space
16:11:22.127 [FXGL Background Thread 1 ] DEBUG Input                - Registered new binding: Test - RMB
16:11:22.128 [FXGL Background Thread 1 ] DEBUG Input                - Registered new binding: Test2 - L
16:11:22.128 [FXGL Background Thread 1 ] DEBUG Input                - Registered new binding: Test3 - M
16:11:22.154 [FXGL Background Thread 1 ] DEBUG FXGLAssetLoaderServi - Loading from file system: file:/D:/JavaProject/BigProject/target/classes/assets/textures/entity/block.png
16:11:22.155 [FXGL Background Thread 1 ] DEBUG FXGLAssetLoaderServi - Loading from file system: file:/D:/JavaProject/BigProject/target/classes/assets/textures/entity/wall.png
16:11:22.157 [FXGL Background Thread 1 ] DEBUG FXGLAssetLoaderServi - Loading from file system: file:/D:/JavaProject/BigProject/target/classes/assets/textures/entity/grass.png
16:11:22.158 [FXGL Background Thread 1 ] DEBUG FXGLAssetLoaderServi - Loading from file system: file:/D:/JavaProject/BigProject/target/classes/assets/textures/ui/player.png
16:11:22.160 [FXGL Background Thread 1 ] DEBUG FXGLAssetLoaderServi - Loading from file system: file:/D:/JavaProject/BigProject/target/classes/assets/textures/ui/frame.png
16:11:22.275 [FXGL Background Thread 1 ] DEBUG FXGLAssetLoaderServi - Loading from file system: file:/D:/JavaProject/BigProject/target/classes/assets/textures/ui/barframe.png
16:11:22.278 [FXGL Background Thread 1 ] DEBUG FXGLAssetLoaderServi - Loading from file system: file:/D:/JavaProject/BigProject/target/classes/assets/textures/particle/ember.png
16:11:22.295 [FXGL Background Thread 1 ] DEBUG FXGLAssetLoaderServi - Loading from file system: file:/D:/JavaProject/BigProject/target/classes/assets/textures/particle/blast.png
16:11:22.353 [FXGL Background Thread 1 ] DEBUG FXGLAssetLoaderServi - Loading from file system: file:/D:/JavaProject/BigProject/target/classes/assets/textures/rocket.png
16:11:22.355 [FXGL Background Thread 1 ] DEBUG FXGLAssetLoaderServi - Loading from file system: file:/D:/JavaProject/BigProject/target/classes/assets/textures/feature/shield.png
16:11:22.356 [FXGL Background Thread 1 ] DEBUG FXGLAssetLoaderServi - Loading from file system: file:/D:/JavaProject/BigProject/target/classes/assets/textures/feature/shield_layer2.png
16:11:22.360 [FXGL Background Thread 1 ] DEBUG FXGLAssetLoaderServi - Loading from file system: file:/D:/JavaProject/BigProject/target/classes/assets/textures/ui/shieldicon.png
16:11:22.361 [FXGL Background Thread 1 ] DEBUG FXGLAssetLoaderServi - Loading from file system: file:/D:/JavaProject/BigProject/target/classes/assets/textures/ui/speedicon.png
16:11:22.363 [FXGL Background Thread 1 ] DEBUG FXGLAssetLoaderServi - Loading from file system: file:/D:/JavaProject/BigProject/target/classes/assets/textures/ui/blockicon.png
16:11:22.365 [FXGL Background Thread 1 ] DEBUG FXGLAssetLoaderServi - Loading from file system: file:/D:/JavaProject/BigProject/target/classes/assets/textures/ui/boomicon.png
16:11:22.913 [FXGL Background Thread 1 ] DEBUG GameWorld            - Clearing removable entities
16:11:22.915 [FXGL Background Thread 1 ] DEBUG GameWorld            - Setting level: com.almasb.fxgl.entity.level.Level@28e07458
16:11:22.961 [FXGL Background Thread 1 ] DEBUG FXGLAssetLoaderServi - Loading from file system: file:/D:/JavaProject/BigProject/target/classes/assets/textures/entity/player_idle.png
16:11:22.963 [FXGL Background Thread 1 ] DEBUG FXGLAssetLoaderServi - Loading from file system: file:/D:/JavaProject/BigProject/target/classes/assets/textures/entity/player_walk.png
16:11:22.966 [FXGL Background Thread 1 ] DEBUG FXGLAssetLoaderServi - Loading from file system: file:/D:/JavaProject/BigProject/target/classes/assets/textures/entity/commonenemy.png
16:11:22.968 [FXGL Background Thread 1 ] DEBUG FXGLAssetLoaderServi - Loading from file system: file:/D:/JavaProject/BigProject/target/classes/assets/textures/entity/boom.png
16:11:23.233 [FXGL Background Thread 1 ] INFO  FXGLApplication      - Game initialization took: 1.122 sec
16:11:23.238 [JavaFX Application Thread] DEBUG Input                - Clearing active input actions
16:11:23.306 [JavaFX Application Thread] DEBUG GameApplicationServi - Removing overlay from FXGLLoadingScene and adding to GameScene
16:11:23.311 [JavaFX Application Thread] DEBUG PrimaryStageWindow   - FXGLLoadingScene -> GameScene
16:11:23.888 [FXGL Background Thread 4 ] DEBUG FXGLAssetLoaderServi - Loading from file system: jar:file:/C:/Users/admin/.m2/repository/com/github/almasb/fxgl/17.2/fxgl-17.2.jar!/fxglassets/ui/fonts/Abel-Regular.ttf
16:11:23.914 [FXGL Background Thread 4 ] DEBUG FXGLAssetLoaderServi - Loading from file system: jar:file:/C:/Users/admin/.m2/repository/com/github/almasb/fxgl/17.2/fxgl-17.2.jar!/fxglassets/ui/fonts/TerminalLandMono-Regular.otf
16:11:23.933 [FXGL Background Thread 4 ] DEBUG FXGLAssetLoaderServi - Loading from file system: jar:file:/C:/Users/admin/.m2/repository/com/github/almasb/fxgl/17.2/fxgl-17.2.jar!/fxglassets/ui/fonts/Courier-Prime.ttf
16:11:24.540 [JavaFX Application Thread] DEBUG FXGLApplication      - Registering font factories with UI factory
16:11:24.917 [FXGL Background Thread 3 ] DEBUG Engine               - Logging environment variables
16:11:24.921 [FXGL Background Thread 3 ] DEBUG Engine               - achievements: []
16:11:24.923 [FXGL Background Thread 3 ] DEBUG Engine               - actualHeight: 522.0
16:11:24.923 [FXGL Background Thread 3 ] DEBUG Engine               - actualHeightProperty: ReadOnlyDoubleProperty [value: 522.0]
16:11:24.923 [FXGL Background Thread 3 ] DEBUG Engine               - actualWidth: 1018.0
16:11:24.923 [FXGL Background Thread 3 ] DEBUG Engine               - actualWidthProperty: ReadOnlyDoubleProperty [value: 1018.0]
16:11:24.923 [FXGL Background Thread 3 ] DEBUG Engine               - appIcon: fxgl_icon.png
16:11:24.923 [FXGL Background Thread 3 ] DEBUG Engine               - applicationMode: DEVELOPER
16:11:24.923 [FXGL Background Thread 3 ] DEBUG Engine               - cSSList: [fxgl_dark.css]
16:11:24.924 [FXGL Background Thread 3 ] DEBUG Engine               - collisionDetectionStrategy: BRUTE_FORCE
16:11:24.924 [FXGL Background Thread 3 ] DEBUG Engine               - configClass: Optional.empty
16:11:24.924 [FXGL Background Thread 3 ] DEBUG Engine               - credits: []
16:11:24.924 [FXGL Background Thread 3 ] DEBUG Engine               - defaultCursor: CursorInfo(imageName=fxgl_default_cursor.png, hotspotX=7.0, hotspotY=6.0)
16:11:24.924 [FXGL Background Thread 3 ] DEBUG Engine               - devBBoxColorProperty: ObjectProperty [value: 0xff0000ff]
16:11:24.925 [FXGL Background Thread 3 ] DEBUG Engine               - devEnableDebugCameraProperty: BooleanProperty [value: false]
16:11:24.925 [FXGL Background Thread 3 ] DEBUG Engine               - devSensorColorProperty: ObjectProperty [value: 0xffff00ff]
16:11:24.925 [FXGL Background Thread 3 ] DEBUG Engine               - devShowBBoxProperty: BooleanProperty [value: false]
16:11:24.925 [FXGL Background Thread 3 ] DEBUG Engine               - devShowPositionProperty: BooleanProperty [value: false]
16:11:24.925 [FXGL Background Thread 3 ] DEBUG Engine               - enabledMenuItems: []
16:11:24.925 [FXGL Background Thread 3 ] DEBUG Engine               - engineServices: [class com.almasb.fxgl.app.services.FXGLAssetLoaderService, class com.almasb.fxgl.app.FXGLApplication$GameApplicationService, class com.almasb.fxgl.app.services.FXGLDialogService, class com.almasb.fxgl.app.services.IOTaskExecutorService, class com.almasb.fxgl.io.FileSystemService, class com.almasb.fxgl.localization.LocalizationService, class com.almasb.fxgl.app.services.SystemBundleService, class com.almasb.fxgl.profile.SaveLoadService, class com.almasb.fxgl.ui.FXGLUIFactoryServiceProvider, class com.almasb.fxgl.ui.FXGLDialogFactoryServiceProvider, class com.almasb.fxgl.audio.AudioPlayer, class com.almasb.fxgl.notification.impl.NotificationServiceProvider, class com.almasb.fxgl.achievement.AchievementService, class com.almasb.fxgl.cutscene.CutsceneService, class com.almasb.fxgl.minigames.MiniGameService, class com.almasb.fxgl.net.NetService, class com.almasb.fxgl.app.services.UpdaterService, class com.almasb.fxgl.dev.DevService]
16:11:24.925 [FXGL Background Thread 3 ] DEBUG Engine               - fontGame: Abel-Regular.ttf
16:11:24.925 [FXGL Background Thread 3 ] DEBUG Engine               - fontMono: TerminalLandMono-Regular.otf
16:11:24.925 [FXGL Background Thread 3 ] DEBUG Engine               - fontText: Courier-Prime.ttf
16:11:24.925 [FXGL Background Thread 3 ] DEBUG Engine               - fontUI: VarelaRound-Regular.ttf
16:11:24.925 [FXGL Background Thread 3 ] DEBUG Engine               - fullScreen: BooleanProperty [value: false]
16:11:24.925 [FXGL Background Thread 3 ] DEBUG Engine               - gameDifficulty: MEDIUM
16:11:24.925 [FXGL Background Thread 3 ] DEBUG Engine               - gameDifficultyProperty: ObjectProperty [value: MEDIUM]
16:11:24.925 [FXGL Background Thread 3 ] DEBUG Engine               - globalMusicVolume: 0.5
16:11:24.926 [FXGL Background Thread 3 ] DEBUG Engine               - globalMusicVolumeProperty: DoubleProperty [value: 0.5]
16:11:24.926 [FXGL Background Thread 3 ] DEBUG Engine               - globalSoundVolume: 0.5
16:11:24.926 [FXGL Background Thread 3 ] DEBUG Engine               - globalSoundVolumeProperty: DoubleProperty [value: 0.5]
16:11:24.926 [FXGL Background Thread 3 ] DEBUG Engine               - height: 522
16:11:24.926 [FXGL Background Thread 3 ] DEBUG Engine               - is3D: false
16:11:24.926 [FXGL Background Thread 3 ] DEBUG Engine               - isAndroid: false
16:11:24.926 [FXGL Background Thread 3 ] DEBUG Engine               - isBrowser: false
16:11:24.926 [FXGL Background Thread 3 ] DEBUG Engine               - isClickFeedbackEnabled: false
16:11:24.926 [FXGL Background Thread 3 ] DEBUG Engine               - isCloseConfirmation: false
16:11:24.926 [FXGL Background Thread 3 ] DEBUG Engine               - isDesktop: true
16:11:24.926 [FXGL Background Thread 3 ] DEBUG Engine               - isDeveloperMenuEnabled: true
16:11:24.926 [FXGL Background Thread 3 ] DEBUG Engine               - isEmbedded: false
16:11:24.926 [FXGL Background Thread 3 ] DEBUG Engine               - isEntityPreloadEnabled: true
16:11:24.926 [FXGL Background Thread 3 ] DEBUG Engine               - isExperimentalTiledLargeMap: false
16:11:24.927 [FXGL Background Thread 3 ] DEBUG Engine               - isFileSystemWriteAllowed: true
16:11:24.928 [FXGL Background Thread 3 ] DEBUG Engine               - isFullScreenAllowed: false
16:11:24.928 [FXGL Background Thread 3 ] DEBUG Engine               - isFullScreenFromStart: false
16:11:24.928 [FXGL Background Thread 3 ] DEBUG Engine               - isGameMenuEnabled: true
16:11:24.928 [FXGL Background Thread 3 ] DEBUG Engine               - isIOS: false
16:11:24.928 [FXGL Background Thread 3 ] DEBUG Engine               - isIntroEnabled: false
16:11:24.929 [FXGL Background Thread 3 ] DEBUG Engine               - isLinux: false
16:11:24.929 [FXGL Background Thread 3 ] DEBUG Engine               - isMac: false
16:11:24.929 [FXGL Background Thread 3 ] DEBUG Engine               - isMainMenuEnabled: false
16:11:24.929 [FXGL Background Thread 3 ] DEBUG Engine               - isManualResizeEnabled: false
16:11:24.929 [FXGL Background Thread 3 ] DEBUG Engine               - isMobile: false
16:11:24.929 [FXGL Background Thread 3 ] DEBUG Engine               - isNative: false
16:11:24.929 [FXGL Background Thread 3 ] DEBUG Engine               - isPauseMusicWhenMinimized: true
16:11:24.929 [FXGL Background Thread 3 ] DEBUG Engine               - isPreserveResizeRatio: false
16:11:24.929 [FXGL Background Thread 3 ] DEBUG Engine               - isProfilingEnabled: false
16:11:24.930 [FXGL Background Thread 3 ] DEBUG Engine               - isScaleAffectedOnResize: true
16:11:24.930 [FXGL Background Thread 3 ] DEBUG Engine               - isSingleStep: false
16:11:24.930 [FXGL Background Thread 3 ] DEBUG Engine               - isUserProfileEnabled: false
16:11:24.930 [FXGL Background Thread 3 ] DEBUG Engine               - isWindows: true
16:11:24.930 [FXGL Background Thread 3 ] DEBUG Engine               - language: ObjectProperty [value: ENGLISH]
16:11:24.930 [FXGL Background Thread 3 ] DEBUG Engine               - menuKey: ESCAPE
16:11:24.930 [FXGL Background Thread 3 ] DEBUG Engine               - mouseSensitivity: 0.2
16:11:24.930 [FXGL Background Thread 3 ] DEBUG Engine               - notificationViewClass: class com.almasb.fxgl.notification.view.XboxNotificationView
16:11:24.930 [FXGL Background Thread 3 ] DEBUG Engine               - pixelsPerMeter: 50.0
16:11:24.930 [FXGL Background Thread 3 ] DEBUG Engine               - platform: WINDOWS
16:11:24.931 [FXGL Background Thread 3 ] DEBUG Engine               - prefHeightProperty: ReadOnlyDoubleProperty [value: 522.0]
16:11:24.931 [FXGL Background Thread 3 ] DEBUG Engine               - prefWidthProperty: ReadOnlyDoubleProperty [value: 1018.0]
16:11:24.931 [FXGL Background Thread 3 ] DEBUG Engine               - profileDir: profiles/
16:11:24.931 [FXGL Background Thread 3 ] DEBUG Engine               - profileName: StringProperty [value: DEFAULT]
16:11:24.931 [FXGL Background Thread 3 ] DEBUG Engine               - randomSeed: -1
16:11:24.931 [FXGL Background Thread 3 ] DEBUG Engine               - runtimeInfo: RuntimeInfo(platform=WINDOWS, version=17.2, build=20.08.2022 16.50)
16:11:24.931 [FXGL Background Thread 3 ] DEBUG Engine               - saveFileExt: sav
16:11:24.932 [FXGL Background Thread 3 ] DEBUG Engine               - scaledHeightProp$fxgl: DoubleProperty [bound, value: 522.0]
16:11:24.932 [FXGL Background Thread 3 ] DEBUG Engine               - scaledWidthProp$fxgl: DoubleProperty [bound, value: 1018.0]
16:11:24.932 [FXGL Background Thread 3 ] DEBUG Engine               - sceneFactory: com.almasb.fxgl.app.scene.SceneFactory@60a1e2d7
16:11:24.932 [FXGL Background Thread 3 ] DEBUG Engine               - secondsIn24h: 60
16:11:24.932 [FXGL Background Thread 3 ] DEBUG Engine               - soundMenuBack: menu/back.wav
16:11:24.932 [FXGL Background Thread 3 ] DEBUG Engine               - soundMenuPress: menu/press.wav
16:11:24.932 [FXGL Background Thread 3 ] DEBUG Engine               - soundMenuSelect: menu/select.wav
16:11:24.932 [FXGL Background Thread 3 ] DEBUG Engine               - soundNotification: core/notification.wav
16:11:24.932 [FXGL Background Thread 3 ] DEBUG Engine               - stageStyle: DECORATED
16:11:24.932 [FXGL Background Thread 3 ] DEBUG Engine               - supportedLanguages: [ENGLISH, FRENCH, GERMAN, HUNGARIAN, RUSSIAN]
16:11:24.932 [FXGL Background Thread 3 ] DEBUG Engine               - ticksPerSecond: 64
16:11:24.932 [FXGL Background Thread 3 ] DEBUG Engine               - title: Bomman
16:11:24.932 [FXGL Background Thread 3 ] DEBUG Engine               - urlGithub: https://github.com/AlmasB/FXGL
16:11:24.932 [FXGL Background Thread 3 ] DEBUG Engine               - urlLeaderboard: http://fxgl-top.herokuapp.com/
16:11:24.932 [FXGL Background Thread 3 ] DEBUG Engine               - urlPOM: https://raw.githubusercontent.com/AlmasB/FXGL/release/README.md
16:11:24.933 [FXGL Background Thread 3 ] DEBUG Engine               - userAppClass: class com.ethnicthv.bigproject.client.pri.BommerApplication
16:11:24.933 [FXGL Background Thread 3 ] DEBUG Engine               - version: 0.1
16:11:24.933 [FXGL Background Thread 3 ] DEBUG Engine               - versionCheckDays: 7
16:11:24.933 [FXGL Background Thread 3 ] DEBUG Engine               - width: 1018
16:11:24.933 [FXGL Background Thread 3 ] DEBUG Engine               - Logging services
16:11:24.933 [FXGL Background Thread 3 ] DEBUG Engine               - class com.almasb.fxgl.app.services.FXGLAssetLoaderService
16:11:24.933 [FXGL Background Thread 3 ] DEBUG Engine               - class com.almasb.fxgl.app.FXGLApplication$GameApplicationService
16:11:24.933 [FXGL Background Thread 3 ] DEBUG Engine               - class com.almasb.fxgl.app.services.FXGLDialogService
16:11:24.933 [FXGL Background Thread 3 ] DEBUG Engine               - class com.almasb.fxgl.app.services.IOTaskExecutorService
16:11:24.933 [FXGL Background Thread 3 ] DEBUG Engine               - class com.almasb.fxgl.io.FileSystemService
16:11:24.933 [FXGL Background Thread 3 ] DEBUG Engine               - class com.almasb.fxgl.localization.LocalizationService
16:11:24.934 [FXGL Background Thread 3 ] DEBUG Engine               - class com.almasb.fxgl.app.services.SystemBundleService
16:11:24.934 [FXGL Background Thread 3 ] DEBUG Engine               - class com.almasb.fxgl.profile.SaveLoadService
16:11:24.934 [FXGL Background Thread 3 ] DEBUG Engine               - class com.almasb.fxgl.ui.FXGLUIFactoryServiceProvider
16:11:24.934 [FXGL Background Thread 3 ] DEBUG Engine               - class com.almasb.fxgl.ui.FXGLDialogFactoryServiceProvider
16:11:24.934 [FXGL Background Thread 3 ] DEBUG Engine               - class com.almasb.fxgl.audio.AudioPlayer
16:11:24.934 [FXGL Background Thread 3 ] DEBUG Engine               - class com.almasb.fxgl.notification.impl.NotificationServiceProvider
16:11:24.934 [FXGL Background Thread 3 ] DEBUG Engine               - class com.almasb.fxgl.achievement.AchievementService
16:11:24.934 [FXGL Background Thread 3 ] DEBUG Engine               - class com.almasb.fxgl.cutscene.CutsceneService
16:11:24.934 [FXGL Background Thread 3 ] DEBUG Engine               - class com.almasb.fxgl.minigames.MiniGameService
16:11:24.934 [FXGL Background Thread 3 ] DEBUG Engine               - class com.almasb.fxgl.net.NetService
16:11:24.934 [FXGL Background Thread 3 ] DEBUG Engine               - class com.almasb.fxgl.app.services.UpdaterService
16:11:24.934 [FXGL Background Thread 3 ] DEBUG Engine               - class com.almasb.fxgl.dev.DevService
16:12:06.883 [JavaFX Application Thread] DEBUG FXGLApplication      - Exiting FXGL
16:12:06.883 [JavaFX Application Thread] DEBUG LoopRunner           - Stopping loop
16:12:06.883 [JavaFX Application Thread] DEBUG SystemBundleService  - Saving FXGL system data
16:12:06.885 [JavaFX Application Thread] DEBUG FileSystemAccess     - Writing to: D:\JavaProject\BigProject\system\fxgl.bundle
16:12:06.888 [JavaFX Application Thread] DEBUG Async                - Shutting down background threads
16:12:06.888 [JavaFX Application Thread] DEBUG PrimaryStageWindow   - Closing main window
16:12:06.909 [JavaFX Application Thread] DEBUG Logger               - Closing Logger
