17:16:57.821 [main                     ] DEBUG Logger               - Configured Logger
17:16:57.864 [main                     ] DEBUG GameApplication      - Logging settings
Title: Bomman
Version: 0.1
Width: 1018
Height: 522
Fullscreen: false
Intro: false
Profiling: false
Single step:false
App Mode: DEVELOPER
Menu Key: ESCAPE
Stage Style: DECORATED
Scene Factory: class com.almasb.fxgl.app.scene.SceneFactory

17:16:58.665 [JavaFX Application Thread] DEBUG FXGLApplication      - Initializing FXGL
17:16:58.675 [JavaFX Application Thread] INFO  Engine               - FXGL-17.2 (20.08.2022 16.50) on WINDOWS (J:18.0.2.1 FX:19)
17:16:58.676 [JavaFX Application Thread] DEBUG Engine               - JRE Vendor Name: Oracle Corporation
17:16:58.676 [JavaFX Application Thread] DEBUG Engine               - Running on OS: Windows 10 version 10.0
17:16:58.676 [JavaFX Application Thread] DEBUG Engine               - Architecture: amd64
17:16:58.677 [JavaFX Application Thread] INFO  Engine               - Source code and latest versions at: https://github.com/AlmasB/FXGL
17:16:58.677 [JavaFX Application Thread] INFO  Engine               -       Ask questions and discuss at: https://github.com/AlmasB/FXGL/discussions
17:16:58.677 [JavaFX Application Thread] INFO  Engine               -              Join the FXGL chat at: https://gitter.im/AlmasB/FXGL
17:16:58.901 [JavaFX Application Thread] DEBUG PrimaryStageWindow   - Creating a JavaFX scene
17:16:58.996 [JavaFX Application Thread] DEBUG PrimaryStageWindow   - Target settings size: 1018.0 x 522.0
17:16:58.996 [JavaFX Application Thread] DEBUG PrimaryStageWindow   - Scaled scene size:    1018.0 x 522.0
17:16:58.997 [JavaFX Application Thread] DEBUG PrimaryStageWindow   - Scaled ratio: (1.0, 1.0)
17:16:58.998 [JavaFX Application Thread] DEBUG PrimaryStageWindow   - Set initial scene to FXGLStartupScene
17:16:59.005 [JavaFX Application Thread] DEBUG PrimaryStageWindow   - Opening main window
17:16:59.136 [JavaFX Application Thread] DEBUG PrimaryStageWindow   - Window border size: (16.0, 39.0)
17:16:59.136 [JavaFX Application Thread] DEBUG PrimaryStageWindow   - Scaled size: 1018.0 x 522.0
17:16:59.137 [JavaFX Application Thread] DEBUG PrimaryStageWindow   - Scaled ratio: (1.0, 1.0)
17:16:59.137 [JavaFX Application Thread] DEBUG PrimaryStageWindow   - Scene size: 1018.0 x 522.0
17:16:59.137 [JavaFX Application Thread] DEBUG PrimaryStageWindow   - Stage size: 1034.0 x 561.0
17:16:59.157 [FXGL Background Thread 1 ] DEBUG Engine               - Initializing environment variables
17:16:59.252 [FXGL Background Thread 1 ] DEBUG FXGLAssetLoaderServi - User app class for loading assets: class com.ethnicthv.bigproject.client.pri.BommerApplication
17:16:59.252 [FXGL Background Thread 1 ] DEBUG GameApplicationServi - Applying CSS: fxgl_dark.css
17:16:59.254 [FXGL Background Thread 1 ] DEBUG FXGLAssetLoaderServi - Loading from file system: jar:file:/C:/Users/admin/.m2/repository/com/github/almasb/fxgl/17.2/fxgl-17.2.jar!/fxglassets/ui/css/fxgl_dark.css
17:16:59.335 [FXGL Background Thread 1 ] DEBUG GameApplicationServi - Initializing application scenes
17:16:59.441 [FXGL Background Thread 1 ] DEBUG GameWorld            - Game world initialized
17:16:59.549 [FXGL Background Thread 1 ] DEBUG PhysicsWorld         - Physics world initialized: appHeight=522, physics.ppm=50.0
17:16:59.549 [FXGL Background Thread 1 ] DEBUG PhysicsWorld         - Using strategy: BRUTE_FORCE
17:16:59.555 [FXGL Background Thread 1 ] DEBUG GameScene            - Game scene initialized: 1018x522
17:16:59.581 [FXGL Background Thread 1 ] WARN  FXGL.DefaultMenu     - FXGLDefaultMenu is not designed for resolutions < 800x600
17:16:59.581 [FXGL Background Thread 1 ] DEBUG FXGL.DefaultMenu     - createMenuBodyMainMenu()
17:16:59.615 [FXGL Background Thread 1 ] DEBUG FXGL.DefaultMenu     - createOptionsMenu()
17:16:59.637 [FXGL Background Thread 1 ] DEBUG FXGLAssetLoaderServi - Loading from file system: jar:file:/C:/Users/admin/.m2/repository/com/github/almasb/fxgl/17.2/fxgl-17.2.jar!/fxglassets/textures/particles/smoke.png
17:16:59.840 [FXGL Background Thread 1 ] DEBUG FXGLAssetLoaderServi - Loading from file system: jar:file:/C:/Users/admin/.m2/repository/com/github/almasb/fxgl/17.2/fxgl-17.2.jar!/fxglassets/textures/particles/trace_horizontal.png
17:16:59.919 [FXGL Background Thread 1 ] WARN  FXGL.DefaultMenu     - FXGLDefaultMenu is not designed for resolutions < 800x600
17:16:59.919 [FXGL Background Thread 1 ] DEBUG FXGL.DefaultMenu     - createMenuBodyGameMenu()
17:16:59.921 [FXGL Background Thread 1 ] DEBUG FXGL.DefaultMenu     - createOptionsMenu()
17:16:59.947 [FXGL Background Thread 1 ] DEBUG GameApplicationServi - Application scenes initialized
17:16:59.972 [FXGL Background Thread 1 ] DEBUG SystemBundleService  - Loading FXGL system data
17:16:59.980 [FXGL Background Thread 1 ] DEBUG FileSystemAccess     - Reading from: D:\JavaProject\BigProject\system\fxgl.bundle
17:16:59.996 [FXGL Background Thread 1 ] DEBUG SystemBundleService  - Bundle FXGL: {}
17:16:59.996 [FXGL Background Thread 1 ] DEBUG UpdaterService       - Checking for updates
17:17:00.062 [FXGL Background Thread 1 ] DEBUG FXGLApplication      - Loading default localization
17:17:00.064 [FXGL Background Thread 1 ] DEBUG FXGLAssetLoaderServi - Loading from file system: jar:file:/C:/Users/admin/.m2/repository/com/github/almasb/fxgl/17.2/fxgl-17.2.jar!/fxglassets/languages/english.lang
17:17:00.092 [FXGL Background Thread 1 ] INFO  FXGLApplication      - FXGL initialization took: 0.935 sec
17:17:00.093 [JavaFX Application Thread] DEBUG FXGLAssetLoaderServi - Loading from file system: jar:file:/C:/Users/admin/.m2/repository/com/github/almasb/fxgl/17.2/fxgl-17.2.jar!/fxglassets/textures/fxgl_icon.png
17:17:00.131 [FXGL Background Thread 4 ] DEBUG FXGLApplication      - Loading fonts
17:17:00.134 [FXGL Background Thread 4 ] DEBUG FXGLAssetLoaderServi - Loading from file system: jar:file:/C:/Users/admin/.m2/repository/com/github/almasb/fxgl/17.2/fxgl-17.2.jar!/fxglassets/ui/fonts/VarelaRound-Regular.ttf
17:17:00.143 [JavaFX Application Thread] DEBUG FXGLAssetLoaderServi - Loading from file system: jar:file:/C:/Users/admin/.m2/repository/com/github/almasb/fxgl/17.2/fxgl-17.2.jar!/fxglassets/textures/fxgl_default_cursor.png
17:17:00.162 [JavaFX Application Thread] DEBUG Input                - Registered new binding: Screenshot - CTRL+8
17:17:00.164 [JavaFX Application Thread] DEBUG Input                - Registered new binding: Dev Options - 1
17:17:00.165 [JavaFX Application Thread] DEBUG Input                - Registered new binding: Dev Console - 2
17:17:00.165 [JavaFX Application Thread] DEBUG Input                - Registered new binding: System info dump - CTRL+9
17:17:00.177 [JavaFX Application Thread] DEBUG Input                - Registered new binding: Restart - CTRL+R
17:17:00.178 [JavaFX Application Thread] DEBUG Input                - Registered new binding: Toggle Debug Camera - CTRL+7
17:17:00.187 [JavaFX Application Thread] DEBUG LoopRunner           - Starting loop
17:17:00.219 [JavaFX Application Thread] DEBUG LoopRunner           - Initializing ScheduledExecutorLoop with fps: 64
17:17:00.223 [JavaFX Application Thread] DEBUG Input                - Clearing active input actions
17:17:00.246 [JavaFX Application Thread] DEBUG GameApplicationServi - Removing overlay from FXGLStartupScene and adding to FXGLMainMenuDummyScene
17:17:00.259 [JavaFX Application Thread] DEBUG PrimaryStageWindow   - FXGLStartupScene -> FXGLMainMenuDummyScene
17:17:00.259 [JavaFX Application Thread] DEBUG PrimaryStageWindow   - Push state: FXGLDefaultMenu
17:17:00.272 [JavaFX Application Thread] DEBUG Input                - Clearing active input actions
17:17:00.284 [JavaFX Application Thread] DEBUG GameApplicationServi - Removing overlay from FXGLMainMenuDummyScene and adding to FXGLDefaultMenu
17:17:00.314 [JavaFX Application Thread] DEBUG PrimaryStageWindow   - FXGLMainMenuDummyScene -> FXGLDefaultMenu
17:17:00.766 [FXGL Background Thread 4 ] DEBUG FXGLAssetLoaderServi - Loading from file system: jar:file:/C:/Users/admin/.m2/repository/com/github/almasb/fxgl/17.2/fxgl-17.2.jar!/fxglassets/ui/fonts/Abel-Regular.ttf
17:17:00.833 [FXGL Background Thread 4 ] DEBUG FXGLAssetLoaderServi - Loading from file system: jar:file:/C:/Users/admin/.m2/repository/com/github/almasb/fxgl/17.2/fxgl-17.2.jar!/fxglassets/ui/fonts/TerminalLandMono-Regular.otf
17:17:00.886 [FXGL Background Thread 4 ] DEBUG FXGLAssetLoaderServi - Loading from file system: jar:file:/C:/Users/admin/.m2/repository/com/github/almasb/fxgl/17.2/fxgl-17.2.jar!/fxglassets/ui/fonts/Courier-Prime.ttf
17:17:01.160 [JavaFX Application Thread] DEBUG FXGLApplication      - Registering font factories with UI factory
17:17:03.065 [FXGL Background Thread 3 ] DEBUG Engine               - Logging environment variables
17:17:03.068 [FXGL Background Thread 3 ] DEBUG Engine               - achievements: []
17:17:03.069 [FXGL Background Thread 3 ] DEBUG Engine               - actualHeight: 522.0
17:17:03.073 [FXGL Background Thread 3 ] DEBUG Engine               - actualHeightProperty: ReadOnlyDoubleProperty [value: 522.0]
17:17:03.079 [FXGL Background Thread 3 ] DEBUG Engine               - actualWidth: 1018.0
17:17:03.081 [FXGL Background Thread 3 ] DEBUG Engine               - actualWidthProperty: ReadOnlyDoubleProperty [value: 1018.0]
17:17:03.082 [FXGL Background Thread 3 ] DEBUG Engine               - appIcon: fxgl_icon.png
17:17:03.082 [FXGL Background Thread 3 ] DEBUG Engine               - applicationMode: DEVELOPER
17:17:03.085 [FXGL Background Thread 3 ] DEBUG Engine               - cSSList: [fxgl_dark.css]
17:17:03.086 [FXGL Background Thread 3 ] DEBUG Engine               - collisionDetectionStrategy: BRUTE_FORCE
17:17:03.086 [FXGL Background Thread 3 ] DEBUG Engine               - configClass: Optional.empty
17:17:03.086 [FXGL Background Thread 3 ] DEBUG Engine               - credits: []
17:17:03.088 [FXGL Background Thread 3 ] DEBUG Engine               - defaultCursor: CursorInfo(imageName=fxgl_default_cursor.png, hotspotX=7.0, hotspotY=6.0)
17:17:03.089 [FXGL Background Thread 3 ] DEBUG Engine               - devBBoxColorProperty: ObjectProperty [value: 0xff0000ff]
17:17:03.090 [FXGL Background Thread 3 ] DEBUG Engine               - devEnableDebugCameraProperty: BooleanProperty [value: false]
17:17:03.096 [FXGL Background Thread 3 ] DEBUG Engine               - devSensorColorProperty: ObjectProperty [value: 0xffff00ff]
17:17:03.096 [FXGL Background Thread 3 ] DEBUG Engine               - devShowBBoxProperty: BooleanProperty [value: false]
17:17:03.097 [FXGL Background Thread 3 ] DEBUG Engine               - devShowPositionProperty: BooleanProperty [value: false]
17:17:03.097 [FXGL Background Thread 3 ] DEBUG Engine               - enabledMenuItems: []
17:17:03.097 [FXGL Background Thread 3 ] DEBUG Engine               - engineServices: [class com.almasb.fxgl.app.services.FXGLAssetLoaderService, class com.almasb.fxgl.app.FXGLApplication$GameApplicationService, class com.almasb.fxgl.app.services.FXGLDialogService, class com.almasb.fxgl.app.services.IOTaskExecutorService, class com.almasb.fxgl.io.FileSystemService, class com.almasb.fxgl.localization.LocalizationService, class com.almasb.fxgl.app.services.SystemBundleService, class com.almasb.fxgl.profile.SaveLoadService, class com.almasb.fxgl.ui.FXGLUIFactoryServiceProvider, class com.almasb.fxgl.ui.FXGLDialogFactoryServiceProvider, class com.almasb.fxgl.audio.AudioPlayer, class com.almasb.fxgl.notification.impl.NotificationServiceProvider, class com.almasb.fxgl.achievement.AchievementService, class com.almasb.fxgl.cutscene.CutsceneService, class com.almasb.fxgl.minigames.MiniGameService, class com.almasb.fxgl.net.NetService, class com.almasb.fxgl.app.services.UpdaterService, class com.almasb.fxgl.dev.DevService]
17:17:03.100 [FXGL Background Thread 3 ] DEBUG Engine               - fontGame: Abel-Regular.ttf
17:17:03.101 [FXGL Background Thread 3 ] DEBUG Engine               - fontMono: TerminalLandMono-Regular.otf
17:17:03.101 [FXGL Background Thread 3 ] DEBUG Engine               - fontText: Courier-Prime.ttf
17:17:03.101 [FXGL Background Thread 3 ] DEBUG Engine               - fontUI: VarelaRound-Regular.ttf
17:17:03.101 [FXGL Background Thread 3 ] DEBUG Engine               - fullScreen: BooleanProperty [value: false]
17:17:03.101 [FXGL Background Thread 3 ] DEBUG Engine               - gameDifficulty: MEDIUM
17:17:03.101 [FXGL Background Thread 3 ] DEBUG Engine               - gameDifficultyProperty: ObjectProperty [value: MEDIUM]
17:17:03.101 [FXGL Background Thread 3 ] DEBUG Engine               - globalMusicVolume: 0.5
17:17:03.102 [FXGL Background Thread 3 ] DEBUG Engine               - globalMusicVolumeProperty: DoubleProperty [value: 0.5]
17:17:03.102 [FXGL Background Thread 3 ] DEBUG Engine               - globalSoundVolume: 0.5
17:17:03.102 [FXGL Background Thread 3 ] DEBUG Engine               - globalSoundVolumeProperty: DoubleProperty [value: 0.5]
17:17:03.102 [FXGL Background Thread 3 ] DEBUG Engine               - height: 522
17:17:03.102 [FXGL Background Thread 3 ] DEBUG Engine               - is3D: false
17:17:03.102 [FXGL Background Thread 3 ] DEBUG Engine               - isAndroid: false
17:17:03.102 [FXGL Background Thread 3 ] DEBUG Engine               - isBrowser: false
17:17:03.102 [FXGL Background Thread 3 ] DEBUG Engine               - isClickFeedbackEnabled: false
17:17:03.102 [FXGL Background Thread 3 ] DEBUG Engine               - isCloseConfirmation: false
17:17:03.103 [FXGL Background Thread 3 ] DEBUG Engine               - isDesktop: true
17:17:03.103 [FXGL Background Thread 3 ] DEBUG Engine               - isDeveloperMenuEnabled: true
17:17:03.103 [FXGL Background Thread 3 ] DEBUG Engine               - isEmbedded: false
17:17:03.103 [FXGL Background Thread 3 ] DEBUG Engine               - isEntityPreloadEnabled: true
17:17:03.103 [FXGL Background Thread 3 ] DEBUG Engine               - isExperimentalTiledLargeMap: false
17:17:03.103 [FXGL Background Thread 3 ] DEBUG Engine               - isFileSystemWriteAllowed: true
17:17:03.103 [FXGL Background Thread 3 ] DEBUG Engine               - isFullScreenAllowed: false
17:17:03.103 [FXGL Background Thread 3 ] DEBUG Engine               - isFullScreenFromStart: false
17:17:03.103 [FXGL Background Thread 3 ] DEBUG Engine               - isGameMenuEnabled: true
17:17:03.103 [FXGL Background Thread 3 ] DEBUG Engine               - isIOS: false
17:17:03.103 [FXGL Background Thread 3 ] DEBUG Engine               - isIntroEnabled: false
17:17:03.103 [FXGL Background Thread 3 ] DEBUG Engine               - isLinux: false
17:17:03.104 [FXGL Background Thread 3 ] DEBUG Engine               - isMac: false
17:17:03.104 [FXGL Background Thread 3 ] DEBUG Engine               - isMainMenuEnabled: true
17:17:03.104 [FXGL Background Thread 3 ] DEBUG Engine               - isManualResizeEnabled: false
17:17:03.107 [FXGL Background Thread 3 ] DEBUG Engine               - isMobile: false
17:17:03.107 [FXGL Background Thread 3 ] DEBUG Engine               - isNative: false
17:17:03.107 [FXGL Background Thread 3 ] DEBUG Engine               - isPauseMusicWhenMinimized: true
17:17:03.107 [FXGL Background Thread 3 ] DEBUG Engine               - isPreserveResizeRatio: false
17:17:03.107 [FXGL Background Thread 3 ] DEBUG Engine               - isProfilingEnabled: false
17:17:03.108 [FXGL Background Thread 3 ] DEBUG Engine               - isScaleAffectedOnResize: true
17:17:03.108 [FXGL Background Thread 3 ] DEBUG Engine               - isSingleStep: false
17:17:03.112 [FXGL Background Thread 3 ] DEBUG Engine               - isUserProfileEnabled: false
17:17:03.112 [FXGL Background Thread 3 ] DEBUG Engine               - isWindows: true
17:17:03.113 [FXGL Background Thread 3 ] DEBUG Engine               - language: ObjectProperty [value: ENGLISH]
17:17:03.113 [FXGL Background Thread 3 ] DEBUG Engine               - menuKey: ESCAPE
17:17:03.113 [FXGL Background Thread 3 ] DEBUG Engine               - mouseSensitivity: 0.2
17:17:03.113 [FXGL Background Thread 3 ] DEBUG Engine               - notificationViewClass: class com.almasb.fxgl.notification.view.XboxNotificationView
17:17:03.113 [FXGL Background Thread 3 ] DEBUG Engine               - pixelsPerMeter: 50.0
17:17:03.114 [FXGL Background Thread 3 ] DEBUG Engine               - platform: WINDOWS
17:17:03.114 [FXGL Background Thread 3 ] DEBUG Engine               - prefHeightProperty: ReadOnlyDoubleProperty [value: 522.0]
17:17:03.114 [FXGL Background Thread 3 ] DEBUG Engine               - prefWidthProperty: ReadOnlyDoubleProperty [value: 1018.0]
17:17:03.114 [FXGL Background Thread 3 ] DEBUG Engine               - profileDir: profiles/
17:17:03.114 [FXGL Background Thread 3 ] DEBUG Engine               - profileName: StringProperty [value: DEFAULT]
17:17:03.114 [FXGL Background Thread 3 ] DEBUG Engine               - randomSeed: -1
17:17:03.115 [FXGL Background Thread 3 ] DEBUG Engine               - runtimeInfo: RuntimeInfo(platform=WINDOWS, version=17.2, build=20.08.2022 16.50)
17:17:03.115 [FXGL Background Thread 3 ] DEBUG Engine               - saveFileExt: sav
17:17:03.115 [FXGL Background Thread 3 ] DEBUG Engine               - scaledHeightProp$fxgl: DoubleProperty [bound, value: 522.0]
17:17:03.115 [FXGL Background Thread 3 ] DEBUG Engine               - scaledWidthProp$fxgl: DoubleProperty [bound, value: 1018.0]
17:17:03.115 [FXGL Background Thread 3 ] DEBUG Engine               - sceneFactory: com.almasb.fxgl.app.scene.SceneFactory@4eeb7637
17:17:03.115 [FXGL Background Thread 3 ] DEBUG Engine               - secondsIn24h: 60
17:17:03.115 [FXGL Background Thread 3 ] DEBUG Engine               - soundMenuBack: menu/back.wav
17:17:03.115 [FXGL Background Thread 3 ] DEBUG Engine               - soundMenuPress: menu/press.wav
17:17:03.115 [FXGL Background Thread 3 ] DEBUG Engine               - soundMenuSelect: menu/select.wav
17:17:03.115 [FXGL Background Thread 3 ] DEBUG Engine               - soundNotification: core/notification.wav
17:17:03.115 [FXGL Background Thread 3 ] DEBUG Engine               - stageStyle: DECORATED
17:17:03.115 [FXGL Background Thread 3 ] DEBUG Engine               - supportedLanguages: [ENGLISH, FRENCH, GERMAN, HUNGARIAN, RUSSIAN]
17:17:03.116 [FXGL Background Thread 3 ] DEBUG Engine               - ticksPerSecond: 64
17:17:03.116 [FXGL Background Thread 3 ] DEBUG Engine               - title: Bomman
17:17:03.116 [FXGL Background Thread 3 ] DEBUG Engine               - urlGithub: https://github.com/AlmasB/FXGL
17:17:03.116 [FXGL Background Thread 3 ] DEBUG Engine               - urlLeaderboard: http://fxgl-top.herokuapp.com/
17:17:03.116 [FXGL Background Thread 3 ] DEBUG Engine               - urlPOM: https://raw.githubusercontent.com/AlmasB/FXGL/release/README.md
17:17:03.116 [FXGL Background Thread 3 ] DEBUG Engine               - userAppClass: class com.ethnicthv.bigproject.client.pri.BommerApplication
17:17:03.116 [FXGL Background Thread 3 ] DEBUG Engine               - version: 0.1
17:17:03.116 [FXGL Background Thread 3 ] DEBUG Engine               - versionCheckDays: 7
17:17:03.116 [FXGL Background Thread 3 ] DEBUG Engine               - width: 1018
17:17:03.116 [FXGL Background Thread 3 ] DEBUG Engine               - Logging services
17:17:03.116 [FXGL Background Thread 3 ] DEBUG Engine               - class com.almasb.fxgl.app.services.FXGLAssetLoaderService
17:17:03.116 [FXGL Background Thread 3 ] DEBUG Engine               - class com.almasb.fxgl.app.FXGLApplication$GameApplicationService
17:17:03.116 [FXGL Background Thread 3 ] DEBUG Engine               - class com.almasb.fxgl.app.services.FXGLDialogService
17:17:03.116 [FXGL Background Thread 3 ] DEBUG Engine               - class com.almasb.fxgl.app.services.IOTaskExecutorService
17:17:03.116 [FXGL Background Thread 3 ] DEBUG Engine               - class com.almasb.fxgl.io.FileSystemService
17:17:03.116 [FXGL Background Thread 3 ] DEBUG Engine               - class com.almasb.fxgl.localization.LocalizationService
17:17:03.116 [FXGL Background Thread 3 ] DEBUG Engine               - class com.almasb.fxgl.app.services.SystemBundleService
17:17:03.117 [FXGL Background Thread 3 ] DEBUG Engine               - class com.almasb.fxgl.profile.SaveLoadService
17:17:03.117 [FXGL Background Thread 3 ] DEBUG Engine               - class com.almasb.fxgl.ui.FXGLUIFactoryServiceProvider
17:17:03.117 [FXGL Background Thread 3 ] DEBUG Engine               - class com.almasb.fxgl.ui.FXGLDialogFactoryServiceProvider
17:17:03.117 [FXGL Background Thread 3 ] DEBUG Engine               - class com.almasb.fxgl.audio.AudioPlayer
17:17:03.117 [FXGL Background Thread 3 ] DEBUG Engine               - class com.almasb.fxgl.notification.impl.NotificationServiceProvider
17:17:03.117 [FXGL Background Thread 3 ] DEBUG Engine               - class com.almasb.fxgl.achievement.AchievementService
17:17:03.117 [FXGL Background Thread 3 ] DEBUG Engine               - class com.almasb.fxgl.cutscene.CutsceneService
17:17:03.117 [FXGL Background Thread 3 ] DEBUG Engine               - class com.almasb.fxgl.minigames.MiniGameService
17:17:03.117 [FXGL Background Thread 3 ] DEBUG Engine               - class com.almasb.fxgl.net.NetService
17:17:03.117 [FXGL Background Thread 3 ] DEBUG Engine               - class com.almasb.fxgl.app.services.UpdaterService
17:17:03.117 [FXGL Background Thread 3 ] DEBUG Engine               - class com.almasb.fxgl.dev.DevService
17:17:05.237 [JavaFX Application Thread] DEBUG Menu                 - fireNewGame()
17:17:05.237 [JavaFX Application Thread] DEBUG GameApplicationServi - Starting new game
17:17:05.248 [JavaFX Application Thread] DEBUG PrimaryStageWindow   - Pop state: FXGLDefaultMenu
17:17:05.248 [JavaFX Application Thread] DEBUG Input                - Clearing active input actions
17:17:05.249 [JavaFX Application Thread] DEBUG GameApplicationServi - Removing overlay from FXGLDefaultMenu and adding to FXGLMainMenuDummyScene
17:17:05.252 [JavaFX Application Thread] DEBUG PrimaryStageWindow   - FXGLMainMenuDummyScene <- FXGLDefaultMenu
17:17:05.252 [JavaFX Application Thread] DEBUG Input                - Clearing active input actions
17:17:05.261 [JavaFX Application Thread] DEBUG GameApplicationServi - Removing overlay from FXGLMainMenuDummyScene and adding to FXGLLoadingScene
17:17:05.261 [JavaFX Application Thread] DEBUG PrimaryStageWindow   - FXGLMainMenuDummyScene -> FXGLLoadingScene
17:17:05.261 [JavaFX Application Thread] DEBUG GameApplicationServi - Clearing previous game
17:17:05.261 [JavaFX Application Thread] DEBUG GameScene            - Clearing game scene
17:17:05.262 [JavaFX Application Thread] DEBUG GameWorld            - Clearing game world
17:17:05.262 [JavaFX Application Thread] DEBUG PhysicsWorld         - Clearing physics world
17:17:05.264 [FXGL Background Thread 2 ] DEBUG FXGLApplication      - Initializing game
17:17:05.428 [JavaFX Application Thread] DEBUG LoopRunner           - Stopping loop
17:17:05.430 [JavaFX Application Thread] FATAL FXGLApplication      - Uncaught Exception:
java.lang.RuntimeException: Initialization failed
	at com.almasb.fxgl.app.FXGLApplication$InitAppTask.failed(FXGLApplication.kt:343)
	at javafx.concurrent.Task.setState(Task.java:710)
	at javafx.concurrent.Task$TaskCallable.lambda$call$2(Task.java:1456)
	at com.sun.javafx.application.PlatformImpl.lambda$runLater$10(PlatformImpl.java:457)
	at java.base/java.security.AccessController.doPrivileged(AccessController.java:399)
	at com.sun.javafx.application.PlatformImpl.lambda$runLater$11(PlatformImpl.java:456)
	at com.sun.glass.ui.InvokeLaterDispatcher$Future.run(InvokeLaterDispatcher.java:96)
	at com.sun.glass.ui.win.WinApplication._runLoop(Native Method)
	at com.sun.glass.ui.win.WinApplication.lambda$runLoop$3(WinApplication.java:184)
	at java.base/java.lang.Thread.run(Thread.java:833)
Caused by: java.lang.IllegalArgumentException: Action GO MENU not found
	at com.almasb.fxgl.input.Input.getActionByName(Input.kt:116)
	at com.ethnicthv.bigproject.input.InputControler.setup(InputControler.java:22)
	at com.ethnicthv.bigproject.client.pri.BommerApplication.initGame(BommerApplication.java:39)
	at com.almasb.fxgl.app.FXGLApplication$InitAppTask.initGame(FXGLApplication.kt:339)
	at com.almasb.fxgl.app.FXGLApplication$InitAppTask.call(FXGLApplication.kt:319)
	at com.almasb.fxgl.app.FXGLApplication$InitAppTask.call(FXGLApplication.kt:311)
	at javafx.concurrent.Task$TaskCallable.call(Task.java:1426)
	at java.base/java.util.concurrent.FutureTask.run(FutureTask.java:264)
	at java.base/java.util.concurrent.Executors$RunnableAdapter.call(Executors.java:539)
	at java.base/java.util.concurrent.FutureTask.run(FutureTask.java:264)
	at java.base/java.util.concurrent.ThreadPoolExecutor.runWorker(ThreadPoolExecutor.java:1136)
	at java.base/java.util.concurrent.ThreadPoolExecutor$Worker.run(ThreadPoolExecutor.java:635)
	... 1 more

17:17:05.430 [JavaFX Application Thread] FATAL FXGLApplication      - Application will now exit
17:17:05.441 [JavaFX Application Thread] DEBUG PrimaryStageWindow   - Push state: ErrorSubScene
17:17:05.441 [JavaFX Application Thread] DEBUG Input                - Clearing active input actions
17:17:05.441 [JavaFX Application Thread] DEBUG GameApplicationServi - Removing overlay from FXGLLoadingScene and adding to ErrorSubScene
17:17:05.443 [JavaFX Application Thread] DEBUG PrimaryStageWindow   - FXGLLoadingScene -> ErrorSubScene
17:17:57.984 [JavaFX Application Thread] DEBUG FXGLApplication      - Exiting FXGL
17:17:57.984 [JavaFX Application Thread] DEBUG Async                - Shutting down background threads
17:17:57.984 [JavaFX Application Thread] DEBUG PrimaryStageWindow   - Closing main window
17:17:57.998 [JavaFX Application Thread] DEBUG Logger               - Closing Logger
